[2022/05/31 20:14:30] - [logging.py] - INFO: 在元素('xpath', "//input[@id='account']")中输入内容：dcy01378776
[2022/05/31 20:14:30] - [logging.py] - INFO: 等待元素('xpath', "//input[@id='account']")可见
[2022/05/31 20:14:30] - [logging.py] - INFO: 定位元素('xpath', "//input[@id='account']")成功
[2022/05/31 20:14:30] - [logging.py] - INFO: 在元素('xpath', "//input[@id='password']")中输入内容：op94857op
[2022/05/31 20:14:30] - [logging.py] - INFO: 等待元素('xpath', "//input[@id='password']")可见
[2022/05/31 20:14:30] - [logging.py] - INFO: 定位元素('xpath', "//input[@id='password']")成功
[2022/05/31 20:14:30] - [logging.py] - INFO: 浏览器放大至全屏
[2022/05/31 20:14:31] - [logging.py] - INFO: 等待元素('xpath', "//button[@type='submit']")可见
[2022/05/31 20:14:31] - [logging.py] - INFO: 定位元素('xpath', "//button[@type='submit']")成功
[2022/05/31 20:14:31] - [logging.py] - INFO: 找到元素('xpath', "//button[@type='submit']")进行点击
[2022/05/31 20:14:36] - [logging.py] - INFO: 定位元素('xpath', "//*[text()='我知道了']")成功
[2022/05/31 20:14:36] - [logging.py] - INFO: 断言成功，成功登录制度中心
[2022/05/31 20:14:47] - [logging.py] - INFO: 在元素('xpath', "//input[@id='account']")中输入内容：dcy01378776
[2022/05/31 20:14:47] - [logging.py] - INFO: 等待元素('xpath', "//input[@id='account']")可见
[2022/05/31 20:14:47] - [logging.py] - INFO: 定位元素('xpath', "//input[@id='account']")成功
[2022/05/31 20:14:47] - [logging.py] - INFO: 在元素('xpath', "//input[@id='password']")中输入内容：op94857op
[2022/05/31 20:14:47] - [logging.py] - INFO: 等待元素('xpath', "//input[@id='password']")可见
[2022/05/31 20:14:47] - [logging.py] - INFO: 定位元素('xpath', "//input[@id='password']")成功
[2022/05/31 20:14:47] - [logging.py] - INFO: 浏览器放大至全屏
[2022/05/31 20:14:48] - [logging.py] - INFO: 等待元素('xpath', "//button[@type='submit']")可见
[2022/05/31 20:14:48] - [logging.py] - INFO: 定位元素('xpath', "//button[@type='submit']")成功
[2022/05/31 20:14:48] - [logging.py] - INFO: 找到元素('xpath', "//button[@type='submit']")进行点击
[2022/05/31 20:14:56] - [logging.py] - INFO: 等待元素('xpath', "//*[text()='我知道了']")可见
[2022/05/31 20:14:56] - [logging.py] - INFO: 定位元素('xpath', "//*[text()='我知道了']")成功
[2022/05/31 20:14:56] - [logging.py] - INFO: 找到元素('xpath', "//*[text()='我知道了']")进行点击
[2022/05/31 20:14:56] - [logging.py] - INFO: 等待元素('xpath', '/html/body/div[1]/div/div[1]/div[3]/div[2]/div[2]')可见
[2022/05/31 20:14:56] - [logging.py] - INFO: 定位元素('xpath', '/html/body/div[1]/div/div[1]/div[3]/div[2]/div[2]')成功
[2022/05/31 20:14:56] - [logging.py] - INFO: 找到元素('xpath', '/html/body/div[1]/div/div[1]/div[3]/div[2]/div[2]')进行点击
[2022/05/31 20:14:57] - [logging.py] - INFO: 等待元素('link text', '发布制度')可见
[2022/05/31 20:14:57] - [logging.py] - INFO: 定位元素('link text', '发布制度')成功
[2022/05/31 20:14:57] - [logging.py] - INFO: 找到元素('link text', '发布制度')进行点击
[2022/05/31 20:15:00] - [logging.py] - INFO: 在元素('xpath', "//*[@id='baseInfo.NO_NAME_FIELD_$0.NO_NAME_FIELD_$1.title']/span/input")中输入内容：自动化2022-05-31 20:14:16
[2022/05/31 20:15:00] - [logging.py] - INFO: 等待元素('xpath', "//*[@id='baseInfo.NO_NAME_FIELD_$0.NO_NAME_FIELD_$1.title']/span/input")可见
[2022/05/31 20:15:00] - [logging.py] - INFO: 定位元素('xpath', "//*[@id='baseInfo.NO_NAME_FIELD_$0.NO_NAME_FIELD_$1.title']/span/input")成功
[2022/05/31 20:15:00] - [logging.py] - INFO: 在元素('xpath', "//*[@id='baseInfo.NO_NAME_FIELD_$0.NO_NAME_FIELD_$1.code']/span/input")中输入内容：002022-05-31 20:14:16
[2022/05/31 20:15:00] - [logging.py] - INFO: 等待元素('xpath', "//*[@id='baseInfo.NO_NAME_FIELD_$0.NO_NAME_FIELD_$1.code']/span/input")可见
[2022/05/31 20:15:00] - [logging.py] - INFO: 定位元素('xpath', "//*[@id='baseInfo.NO_NAME_FIELD_$0.NO_NAME_FIELD_$1.code']/span/input")成功
[2022/05/31 20:15:00] - [logging.py] - INFO: 在元素('xpath', "//*[@id='baseInfo.NO_NAME_FIELD_$0.NO_NAME_FIELD_$1.belongToBu']/span/span[1]/span[1]/span/input")中输入内容：阿x巴x
[2022/05/31 20:15:00] - [logging.py] - INFO: 等待元素('xpath', "//*[@id='baseInfo.NO_NAME_FIELD_$0.NO_NAME_FIELD_$1.belongToBu']/span/span[1]/span[1]/span/input")可见
[2022/05/31 20:15:00] - [logging.py] - INFO: 定位元素('xpath', "//*[@id='baseInfo.NO_NAME_FIELD_$0.NO_NAME_FIELD_$1.belongToBu']/span/span[1]/span[1]/span/input")成功
[2022/05/31 20:15:04] - [logging.py] - INFO: 等待元素('xpath', '/html/body/div[5]/div/ul/li/div/span')可见
[2022/05/31 20:15:04] - [logging.py] - INFO: 定位元素('xpath', '/html/body/div[5]/div/ul/li/div/span')成功
[2022/05/31 20:15:04] - [logging.py] - INFO: 找到元素('xpath', '/html/body/div[5]/div/ul/li/div/span')进行点击
[2022/05/31 20:15:04] - [logging.py] - INFO: 在元素('xpath', "//*[@id='baseInfo.NO_NAME_FIELD_$0.NO_NAME_FIELD_$1.scopePartitionList']/span/span[1]/span[1]/span/input")中输入内容：虚拟组织
[2022/05/31 20:15:04] - [logging.py] - INFO: 等待元素('xpath', "//*[@id='baseInfo.NO_NAME_FIELD_$0.NO_NAME_FIELD_$1.scopePartitionList']/span/span[1]/span[1]/span/input")可见
[2022/05/31 20:15:04] - [logging.py] - INFO: 定位元素('xpath', "//*[@id='baseInfo.NO_NAME_FIELD_$0.NO_NAME_FIELD_$1.scopePartitionList']/span/span[1]/span[1]/span/input")成功
[2022/05/31 20:15:07] - [logging.py] - INFO: 等待元素('xpath', '/html/body/div[6]/div/ul/li/div/span')可见
[2022/05/31 20:15:07] - [logging.py] - INFO: 定位元素('xpath', '/html/body/div[6]/div/ul/li/div/span')成功
[2022/05/31 20:15:07] - [logging.py] - INFO: 找到元素('xpath', '/html/body/div[6]/div/ul/li/div/span')进行点击
[2022/05/31 20:15:07] - [logging.py] - INFO: 在元素('xpath', "//*[@id='baseInfo.NO_NAME_FIELD_$0.NO_NAME_FIELD_$1.coreUserGroup']/span/span[1]/span[1]/span/input")中输入内容：阿里云客服
[2022/05/31 20:15:07] - [logging.py] - INFO: 等待元素('xpath', "//*[@id='baseInfo.NO_NAME_FIELD_$0.NO_NAME_FIELD_$1.coreUserGroup']/span/span[1]/span[1]/span/input")可见
[2022/05/31 20:15:07] - [logging.py] - INFO: 定位元素('xpath', "//*[@id='baseInfo.NO_NAME_FIELD_$0.NO_NAME_FIELD_$1.coreUserGroup']/span/span[1]/span[1]/span/input")成功
[2022/05/31 20:15:10] - [logging.py] - INFO: 等待元素('xpath', '/html/body/div[7]/div/ul/li/div/span')可见
[2022/05/31 20:15:10] - [logging.py] - INFO: 定位元素('xpath', '/html/body/div[7]/div/ul/li/div/span')成功
[2022/05/31 20:15:10] - [logging.py] - INFO: 找到元素('xpath', '/html/body/div[7]/div/ul/li/div/span')进行点击
[2022/05/31 20:15:10] - [logging.py] - INFO: 等待元素('xpath', "//*[@id='baseInfo.NO_NAME_FIELD_$0.NO_NAME_FIELD_$1.categorySecondId']/span/span[1]/span[2]/span/i")可见
[2022/05/31 20:15:10] - [logging.py] - INFO: 定位元素('xpath', "//*[@id='baseInfo.NO_NAME_FIELD_$0.NO_NAME_FIELD_$1.categorySecondId']/span/span[1]/span[2]/span/i")成功
[2022/05/31 20:15:10] - [logging.py] - INFO: 找到元素('xpath', "//*[@id='baseInfo.NO_NAME_FIELD_$0.NO_NAME_FIELD_$1.categorySecondId']/span/span[1]/span[2]/span/i")进行点击
[2022/05/31 20:15:24] - [logging.py] - ERROR: 等待元素('xpath', "//*[@id='128']/div/div/div")可见失败
[2022/05/31 20:15:24] - [logging.py] - INFO: 页面截图文件保存在：./image\20220531201524.png
[2022/05/31 20:15:24] - [logging.py] - ERROR: 查找不到('xpath', "//*[@id='128']/div/div/div")，无法点击
