[2022/07/19 20:28:01] - [logging.py] - INFO: 在元素('xpath', "//input[@id='account']")中输入内容：dcy01378776
[2022/07/19 20:28:01] - [logging.py] - INFO: 等待元素('xpath', "//input[@id='account']")可见
[2022/07/19 20:28:01] - [logging.py] - INFO: 定位元素('xpath', "//input[@id='account']")成功
[2022/07/19 20:28:01] - [logging.py] - INFO: 在元素('xpath', "//input[@id='password']")中输入内容：op94857op
[2022/07/19 20:28:01] - [logging.py] - INFO: 等待元素('xpath', "//input[@id='password']")可见
[2022/07/19 20:28:01] - [logging.py] - INFO: 定位元素('xpath', "//input[@id='password']")成功
[2022/07/19 20:28:01] - [logging.py] - INFO: 浏览器放大至全屏
[2022/07/19 20:28:01] - [logging.py] - INFO: 等待元素('xpath', "//button[@type='submit']")可见
[2022/07/19 20:28:01] - [logging.py] - INFO: 定位元素('xpath', "//button[@type='submit']")成功
[2022/07/19 20:28:01] - [logging.py] - INFO: 找到元素('xpath', "//button[@type='submit']")进行点击
[2022/07/19 20:28:09] - [logging.py] - INFO: 等待元素('xpath', "//*[text()='我知道了']")可见
[2022/07/19 20:28:09] - [logging.py] - INFO: 定位元素('xpath', "//*[text()='我知道了']")成功
[2022/07/19 20:28:09] - [logging.py] - INFO: 找到元素('xpath', "//*[text()='我知道了']")进行点击
[2022/07/19 20:28:09] - [logging.py] - INFO: 等待元素('xpath', '/html/body/div[1]/div/div[1]/div[3]/div[2]/div[2]')可见
[2022/07/19 20:28:09] - [logging.py] - INFO: 定位元素('xpath', '/html/body/div[1]/div/div[1]/div[3]/div[2]/div[2]')成功
[2022/07/19 20:28:10] - [logging.py] - INFO: 找到元素('xpath', '/html/body/div[1]/div/div[1]/div[3]/div[2]/div[2]')进行点击
[2022/07/19 20:28:10] - [logging.py] - INFO: 等待元素('link text', '发布制度')可见
[2022/07/19 20:28:10] - [logging.py] - INFO: 定位元素('link text', '发布制度')成功
[2022/07/19 20:28:10] - [logging.py] - INFO: 找到元素('link text', '发布制度')进行点击
[2022/07/19 20:28:13] - [logging.py] - INFO: 在元素('xpath', "//*[@id='baseInfo.NO_NAME_FIELD_$0.NO_NAME_FIELD_$1.title']/span/input")中输入内容：自动化2022-07-19 20:27:51
[2022/07/19 20:28:13] - [logging.py] - INFO: 等待元素('xpath', "//*[@id='baseInfo.NO_NAME_FIELD_$0.NO_NAME_FIELD_$1.title']/span/input")可见
[2022/07/19 20:28:13] - [logging.py] - INFO: 定位元素('xpath', "//*[@id='baseInfo.NO_NAME_FIELD_$0.NO_NAME_FIELD_$1.title']/span/input")成功
[2022/07/19 20:28:13] - [logging.py] - INFO: 在元素('xpath', "//*[@id='baseInfo.NO_NAME_FIELD_$0.NO_NAME_FIELD_$1.code']/span/input")中输入内容：002022-07-19 20:27:51
[2022/07/19 20:28:13] - [logging.py] - INFO: 等待元素('xpath', "//*[@id='baseInfo.NO_NAME_FIELD_$0.NO_NAME_FIELD_$1.code']/span/input")可见
[2022/07/19 20:28:13] - [logging.py] - INFO: 定位元素('xpath', "//*[@id='baseInfo.NO_NAME_FIELD_$0.NO_NAME_FIELD_$1.code']/span/input")成功
[2022/07/19 20:28:13] - [logging.py] - INFO: 在元素('xpath', "//*[@id='baseInfo.NO_NAME_FIELD_$0.NO_NAME_FIELD_$1.belongToBu']/span/span[1]/span[1]/span/input")中输入内容：阿x巴x
[2022/07/19 20:28:14] - [logging.py] - INFO: 等待元素('xpath', "//*[@id='baseInfo.NO_NAME_FIELD_$0.NO_NAME_FIELD_$1.belongToBu']/span/span[1]/span[1]/span/input")可见
[2022/07/19 20:28:14] - [logging.py] - INFO: 定位元素('xpath', "//*[@id='baseInfo.NO_NAME_FIELD_$0.NO_NAME_FIELD_$1.belongToBu']/span/span[1]/span[1]/span/input")成功
[2022/07/19 20:28:17] - [logging.py] - INFO: 等待元素('xpath', '/html/body/div[5]/div/ul/li/div/span')可见
[2022/07/19 20:28:17] - [logging.py] - INFO: 定位元素('xpath', '/html/body/div[5]/div/ul/li/div/span')成功
[2022/07/19 20:28:17] - [logging.py] - INFO: 找到元素('xpath', '/html/body/div[5]/div/ul/li/div/span')进行点击
[2022/07/19 20:28:17] - [logging.py] - INFO: 在元素('xpath', "//*[@id='baseInfo.NO_NAME_FIELD_$0.NO_NAME_FIELD_$1.scopePartitionList']/span/span[1]/span[1]/span/input")中输入内容：虚拟组织
[2022/07/19 20:28:17] - [logging.py] - INFO: 等待元素('xpath', "//*[@id='baseInfo.NO_NAME_FIELD_$0.NO_NAME_FIELD_$1.scopePartitionList']/span/span[1]/span[1]/span/input")可见
[2022/07/19 20:28:17] - [logging.py] - INFO: 定位元素('xpath', "//*[@id='baseInfo.NO_NAME_FIELD_$0.NO_NAME_FIELD_$1.scopePartitionList']/span/span[1]/span[1]/span/input")成功
[2022/07/19 20:28:20] - [logging.py] - INFO: 等待元素('xpath', '/html/body/div[6]/div/ul/li/div/span')可见
[2022/07/19 20:28:20] - [logging.py] - INFO: 定位元素('xpath', '/html/body/div[6]/div/ul/li/div/span')成功
[2022/07/19 20:28:20] - [logging.py] - INFO: 找到元素('xpath', '/html/body/div[6]/div/ul/li/div/span')进行点击
[2022/07/19 20:28:20] - [logging.py] - INFO: 在元素('xpath', "//*[@id='baseInfo.NO_NAME_FIELD_$0.NO_NAME_FIELD_$1.coreUserGroup']/span/span[1]/span[1]/span/input")中输入内容：阿
[2022/07/19 20:28:20] - [logging.py] - INFO: 等待元素('xpath', "//*[@id='baseInfo.NO_NAME_FIELD_$0.NO_NAME_FIELD_$1.coreUserGroup']/span/span[1]/span[1]/span/input")可见
[2022/07/19 20:28:20] - [logging.py] - INFO: 定位元素('xpath', "//*[@id='baseInfo.NO_NAME_FIELD_$0.NO_NAME_FIELD_$1.coreUserGroup']/span/span[1]/span[1]/span/input")成功
[2022/07/19 20:28:24] - [logging.py] - INFO: 等待元素('xpath', "//span[text()='阿x集x(Corp)']")可见
[2022/07/19 20:28:24] - [logging.py] - INFO: 定位元素('xpath', "//span[text()='阿x集x(Corp)']")成功
[2022/07/19 20:28:24] - [logging.py] - INFO: 找到元素('xpath', "//span[text()='阿x集x(Corp)']")进行点击
[2022/07/19 20:28:24] - [logging.py] - INFO: 等待元素('xpath', "//*[@id='baseInfo.NO_NAME_FIELD_$0.NO_NAME_FIELD_$1.categorySecondId']/span/span[1]/span[2]/span/i")可见
[2022/07/19 20:28:24] - [logging.py] - INFO: 定位元素('xpath', "//*[@id='baseInfo.NO_NAME_FIELD_$0.NO_NAME_FIELD_$1.categorySecondId']/span/span[1]/span[2]/span/i")成功
[2022/07/19 20:28:24] - [logging.py] - INFO: 找到元素('xpath', "//*[@id='baseInfo.NO_NAME_FIELD_$0.NO_NAME_FIELD_$1.categorySecondId']/span/span[1]/span[2]/span/i")进行点击
[2022/07/19 20:28:27] - [logging.py] - INFO: 等待元素('xpath', "//*[@id='153']/div/div/div")可见
[2022/07/19 20:28:27] - [logging.py] - INFO: 定位元素('xpath', "//*[@id='153']/div/div/div")成功
[2022/07/19 20:28:27] - [logging.py] - INFO: 找到元素('xpath', "//*[@id='153']/div/div/div")进行点击
[2022/07/19 20:28:27] - [logging.py] - INFO: 等待元素('xpath', "//*[@id='baseInfo.NO_NAME_FIELD_$0.NO_NAME_FIELD_$1.levelSecond']/span/span[1]/span[2]/span[1]/i")可见
[2022/07/19 20:28:27] - [logging.py] - INFO: 定位元素('xpath', "//*[@id='baseInfo.NO_NAME_FIELD_$0.NO_NAME_FIELD_$1.levelSecond']/span/span[1]/span[2]/span[1]/i")成功
[2022/07/19 20:28:27] - [logging.py] - INFO: 找到元素('xpath', "//*[@id='baseInfo.NO_NAME_FIELD_$0.NO_NAME_FIELD_$1.levelSecond']/span/span[1]/span[2]/span[1]/i")进行点击
[2022/07/19 20:28:28] - [logging.py] - INFO: 等待元素('xpath', "//span[text()='管理制度']")可见
[2022/07/19 20:28:28] - [logging.py] - INFO: 定位元素('xpath', "//span[text()='管理制度']")成功
[2022/07/19 20:28:28] - [logging.py] - INFO: 找到元素('xpath', "//span[text()='管理制度']")进行点击
[2022/07/19 20:28:28] - [logging.py] - INFO: 在元素('xpath', "//*[@id='baseInfo.NO_NAME_FIELD_$0.NO_NAME_FIELD_$1.ownerUserId']/span/span[1]/span[1]/span/input")中输入内容：WB01378776
[2022/07/19 20:28:28] - [logging.py] - INFO: 等待元素('xpath', "//*[@id='baseInfo.NO_NAME_FIELD_$0.NO_NAME_FIELD_$1.ownerUserId']/span/span[1]/span[1]/span/input")可见
[2022/07/19 20:28:28] - [logging.py] - INFO: 定位元素('xpath', "//*[@id='baseInfo.NO_NAME_FIELD_$0.NO_NAME_FIELD_$1.ownerUserId']/span/span[1]/span[1]/span/input")成功
[2022/07/19 20:28:32] - [logging.py] - INFO: 等待元素('xpath', '/html/body/div[8]/div/ul/li/div/span/div')可见
[2022/07/19 20:28:32] - [logging.py] - INFO: 定位元素('xpath', '/html/body/div[8]/div/ul/li/div/span/div')成功
[2022/07/19 20:28:32] - [logging.py] - INFO: 找到元素('xpath', '/html/body/div[8]/div/ul/li/div/span/div')进行点击
[2022/07/19 20:28:32] - [logging.py] - INFO: 等待元素('xpath', "//input[@placeholder='请选择日期']")可见
[2022/07/19 20:28:32] - [logging.py] - INFO: 定位元素('xpath', "//input[@placeholder='请选择日期']")成功
[2022/07/19 20:28:32] - [logging.py] - INFO: 找到元素('xpath', "//input[@placeholder='请选择日期']")进行点击
[2022/07/19 20:28:32] - [logging.py] - INFO: 在元素('xpath', '/html/body/div[9]/div/div[1]/span/input')中输入内容：2022-07-19
[2022/07/19 20:28:32] - [logging.py] - INFO: 等待元素('xpath', '/html/body/div[9]/div/div[1]/span/input')可见
[2022/07/19 20:28:32] - [logging.py] - INFO: 定位元素('xpath', '/html/body/div[9]/div/div[1]/span/input')成功
[2022/07/19 20:28:35] - [logging.py] - INFO: 等待元素('xpath', '/html/body/div/div/div[2]/div[2]/div/div/div/div[2]/div[2]/form/div/div[2]/div[2]/div/div/div[9]/div[2]/label[1]/span/span')可见
[2022/07/19 20:28:35] - [logging.py] - INFO: 定位元素('xpath', '/html/body/div/div/div[2]/div[2]/div/div/div/div[2]/div[2]/form/div/div[2]/div[2]/div/div/div[9]/div[2]/label[1]/span/span')成功
[2022/07/19 20:28:36] - [logging.py] - ERROR: 查找不到('xpath', '/html/body/div/div/div[2]/div[2]/div/div/div/div[2]/div[2]/form/div/div[2]/div[2]/div/div/div[9]/div[2]/label[1]/span/span')，无法点击
[2022/07/19 20:28:48] - [logging.py] - INFO: 在元素('xpath', "//input[@id='account']")中输入内容：dcy01378776
[2022/07/19 20:28:48] - [logging.py] - INFO: 等待元素('xpath', "//input[@id='account']")可见
[2022/07/19 20:28:48] - [logging.py] - INFO: 定位元素('xpath', "//input[@id='account']")成功
[2022/07/19 20:28:48] - [logging.py] - INFO: 在元素('xpath', "//input[@id='password']")中输入内容：op94857op
[2022/07/19 20:28:48] - [logging.py] - INFO: 等待元素('xpath', "//input[@id='password']")可见
[2022/07/19 20:28:48] - [logging.py] - INFO: 定位元素('xpath', "//input[@id='password']")成功
[2022/07/19 20:28:48] - [logging.py] - INFO: 浏览器放大至全屏
[2022/07/19 20:28:49] - [logging.py] - INFO: 等待元素('xpath', "//button[@type='submit']")可见
[2022/07/19 20:28:49] - [logging.py] - INFO: 定位元素('xpath', "//button[@type='submit']")成功
[2022/07/19 20:28:49] - [logging.py] - INFO: 找到元素('xpath', "//button[@type='submit']")进行点击
[2022/07/19 20:28:57] - [logging.py] - INFO: 等待元素('xpath', "//*[text()='我知道了']")可见
[2022/07/19 20:28:57] - [logging.py] - INFO: 定位元素('xpath', "//*[text()='我知道了']")成功
[2022/07/19 20:28:57] - [logging.py] - INFO: 找到元素('xpath', "//*[text()='我知道了']")进行点击
[2022/07/19 20:28:57] - [logging.py] - INFO: 等待元素('xpath', '/html/body/div[1]/div/div[1]/div[3]/div[2]/div[2]')可见
[2022/07/19 20:28:57] - [logging.py] - INFO: 定位元素('xpath', '/html/body/div[1]/div/div[1]/div[3]/div[2]/div[2]')成功
[2022/07/19 20:28:57] - [logging.py] - INFO: 找到元素('xpath', '/html/body/div[1]/div/div[1]/div[3]/div[2]/div[2]')进行点击
[2022/07/19 20:28:57] - [logging.py] - INFO: 等待元素('link text', '发布制度')可见
[2022/07/19 20:28:57] - [logging.py] - INFO: 定位元素('link text', '发布制度')成功
[2022/07/19 20:28:58] - [logging.py] - INFO: 找到元素('link text', '发布制度')进行点击
[2022/07/19 20:29:01] - [logging.py] - INFO: 在元素('xpath', "//*[@id='baseInfo.NO_NAME_FIELD_$0.NO_NAME_FIELD_$1.title']/span/input")中输入内容：自动化2022-07-19 20:27:51
[2022/07/19 20:29:01] - [logging.py] - INFO: 等待元素('xpath', "//*[@id='baseInfo.NO_NAME_FIELD_$0.NO_NAME_FIELD_$1.title']/span/input")可见
[2022/07/19 20:29:01] - [logging.py] - INFO: 定位元素('xpath', "//*[@id='baseInfo.NO_NAME_FIELD_$0.NO_NAME_FIELD_$1.title']/span/input")成功
[2022/07/19 20:29:01] - [logging.py] - INFO: 在元素('xpath', "//*[@id='baseInfo.NO_NAME_FIELD_$0.NO_NAME_FIELD_$1.code']/span/input")中输入内容：002022-07-19 20:27:51
[2022/07/19 20:29:01] - [logging.py] - INFO: 等待元素('xpath', "//*[@id='baseInfo.NO_NAME_FIELD_$0.NO_NAME_FIELD_$1.code']/span/input")可见
[2022/07/19 20:29:01] - [logging.py] - INFO: 定位元素('xpath', "//*[@id='baseInfo.NO_NAME_FIELD_$0.NO_NAME_FIELD_$1.code']/span/input")成功
[2022/07/19 20:29:01] - [logging.py] - INFO: 在元素('xpath', "//*[@id='baseInfo.NO_NAME_FIELD_$0.NO_NAME_FIELD_$1.belongToBu']/span/span[1]/span[1]/span/input")中输入内容：阿x巴x
[2022/07/19 20:29:01] - [logging.py] - INFO: 等待元素('xpath', "//*[@id='baseInfo.NO_NAME_FIELD_$0.NO_NAME_FIELD_$1.belongToBu']/span/span[1]/span[1]/span/input")可见
[2022/07/19 20:29:01] - [logging.py] - INFO: 定位元素('xpath', "//*[@id='baseInfo.NO_NAME_FIELD_$0.NO_NAME_FIELD_$1.belongToBu']/span/span[1]/span[1]/span/input")成功
[2022/07/19 20:29:04] - [logging.py] - INFO: 等待元素('xpath', '/html/body/div[5]/div/ul/li/div/span')可见
[2022/07/19 20:29:04] - [logging.py] - INFO: 定位元素('xpath', '/html/body/div[5]/div/ul/li/div/span')成功
[2022/07/19 20:29:04] - [logging.py] - INFO: 找到元素('xpath', '/html/body/div[5]/div/ul/li/div/span')进行点击
[2022/07/19 20:29:04] - [logging.py] - INFO: 在元素('xpath', "//*[@id='baseInfo.NO_NAME_FIELD_$0.NO_NAME_FIELD_$1.scopePartitionList']/span/span[1]/span[1]/span/input")中输入内容：虚拟组织
[2022/07/19 20:29:04] - [logging.py] - INFO: 等待元素('xpath', "//*[@id='baseInfo.NO_NAME_FIELD_$0.NO_NAME_FIELD_$1.scopePartitionList']/span/span[1]/span[1]/span/input")可见
[2022/07/19 20:29:04] - [logging.py] - INFO: 定位元素('xpath', "//*[@id='baseInfo.NO_NAME_FIELD_$0.NO_NAME_FIELD_$1.scopePartitionList']/span/span[1]/span[1]/span/input")成功
[2022/07/19 20:29:07] - [logging.py] - INFO: 等待元素('xpath', '/html/body/div[6]/div/ul/li/div/span')可见
[2022/07/19 20:29:07] - [logging.py] - INFO: 定位元素('xpath', '/html/body/div[6]/div/ul/li/div/span')成功
[2022/07/19 20:29:08] - [logging.py] - INFO: 找到元素('xpath', '/html/body/div[6]/div/ul/li/div/span')进行点击
[2022/07/19 20:29:08] - [logging.py] - INFO: 在元素('xpath', "//*[@id='baseInfo.NO_NAME_FIELD_$0.NO_NAME_FIELD_$1.coreUserGroup']/span/span[1]/span[1]/span/input")中输入内容：阿
[2022/07/19 20:29:08] - [logging.py] - INFO: 等待元素('xpath', "//*[@id='baseInfo.NO_NAME_FIELD_$0.NO_NAME_FIELD_$1.coreUserGroup']/span/span[1]/span[1]/span/input")可见
[2022/07/19 20:29:08] - [logging.py] - INFO: 定位元素('xpath', "//*[@id='baseInfo.NO_NAME_FIELD_$0.NO_NAME_FIELD_$1.coreUserGroup']/span/span[1]/span[1]/span/input")成功
[2022/07/19 20:29:11] - [logging.py] - INFO: 等待元素('xpath', "//span[text()='阿x集x(Corp)']")可见
[2022/07/19 20:29:11] - [logging.py] - INFO: 定位元素('xpath', "//span[text()='阿x集x(Corp)']")成功
[2022/07/19 20:29:11] - [logging.py] - INFO: 找到元素('xpath', "//span[text()='阿x集x(Corp)']")进行点击
[2022/07/19 20:29:11] - [logging.py] - INFO: 等待元素('xpath', "//*[@id='baseInfo.NO_NAME_FIELD_$0.NO_NAME_FIELD_$1.categorySecondId']/span/span[1]/span[2]/span/i")可见
[2022/07/19 20:29:11] - [logging.py] - INFO: 定位元素('xpath', "//*[@id='baseInfo.NO_NAME_FIELD_$0.NO_NAME_FIELD_$1.categorySecondId']/span/span[1]/span[2]/span/i")成功
[2022/07/19 20:29:11] - [logging.py] - INFO: 找到元素('xpath', "//*[@id='baseInfo.NO_NAME_FIELD_$0.NO_NAME_FIELD_$1.categorySecondId']/span/span[1]/span[2]/span/i")进行点击
[2022/07/19 20:29:14] - [logging.py] - INFO: 等待元素('xpath', "//*[@id='153']/div/div/div")可见
[2022/07/19 20:29:14] - [logging.py] - INFO: 定位元素('xpath', "//*[@id='153']/div/div/div")成功
[2022/07/19 20:29:14] - [logging.py] - INFO: 找到元素('xpath', "//*[@id='153']/div/div/div")进行点击
[2022/07/19 20:29:14] - [logging.py] - INFO: 等待元素('xpath', "//*[@id='baseInfo.NO_NAME_FIELD_$0.NO_NAME_FIELD_$1.levelSecond']/span/span[1]/span[2]/span[1]/i")可见
[2022/07/19 20:29:14] - [logging.py] - INFO: 定位元素('xpath', "//*[@id='baseInfo.NO_NAME_FIELD_$0.NO_NAME_FIELD_$1.levelSecond']/span/span[1]/span[2]/span[1]/i")成功
[2022/07/19 20:29:14] - [logging.py] - INFO: 找到元素('xpath', "//*[@id='baseInfo.NO_NAME_FIELD_$0.NO_NAME_FIELD_$1.levelSecond']/span/span[1]/span[2]/span[1]/i")进行点击
[2022/07/19 20:29:14] - [logging.py] - INFO: 等待元素('xpath', "//span[text()='管理制度']")可见
[2022/07/19 20:29:14] - [logging.py] - INFO: 定位元素('xpath', "//span[text()='管理制度']")成功
[2022/07/19 20:29:14] - [logging.py] - INFO: 找到元素('xpath', "//span[text()='管理制度']")进行点击
[2022/07/19 20:29:14] - [logging.py] - INFO: 在元素('xpath', "//*[@id='baseInfo.NO_NAME_FIELD_$0.NO_NAME_FIELD_$1.ownerUserId']/span/span[1]/span[1]/span/input")中输入内容：WB01378776
[2022/07/19 20:29:14] - [logging.py] - INFO: 等待元素('xpath', "//*[@id='baseInfo.NO_NAME_FIELD_$0.NO_NAME_FIELD_$1.ownerUserId']/span/span[1]/span[1]/span/input")可见
[2022/07/19 20:29:14] - [logging.py] - INFO: 定位元素('xpath', "//*[@id='baseInfo.NO_NAME_FIELD_$0.NO_NAME_FIELD_$1.ownerUserId']/span/span[1]/span[1]/span/input")成功
[2022/07/19 20:29:18] - [logging.py] - INFO: 等待元素('xpath', '/html/body/div[8]/div/ul/li/div/span/div')可见
[2022/07/19 20:29:18] - [logging.py] - INFO: 定位元素('xpath', '/html/body/div[8]/div/ul/li/div/span/div')成功
[2022/07/19 20:29:18] - [logging.py] - INFO: 找到元素('xpath', '/html/body/div[8]/div/ul/li/div/span/div')进行点击
[2022/07/19 20:29:18] - [logging.py] - INFO: 等待元素('xpath', "//input[@placeholder='请选择日期']")可见
[2022/07/19 20:29:18] - [logging.py] - INFO: 定位元素('xpath', "//input[@placeholder='请选择日期']")成功
[2022/07/19 20:29:19] - [logging.py] - INFO: 找到元素('xpath', "//input[@placeholder='请选择日期']")进行点击
[2022/07/19 20:29:19] - [logging.py] - INFO: 在元素('xpath', '/html/body/div[9]/div/div[1]/span/input')中输入内容：2022-07-19
[2022/07/19 20:29:19] - [logging.py] - INFO: 等待元素('xpath', '/html/body/div[9]/div/div[1]/span/input')可见
[2022/07/19 20:29:19] - [logging.py] - INFO: 定位元素('xpath', '/html/body/div[9]/div/div[1]/span/input')成功
[2022/07/19 20:29:22] - [logging.py] - INFO: 等待元素('xpath', '/html/body/div/div/div[2]/div[2]/div/div/div/div[2]/div[2]/form/div/div[2]/div[2]/div/div/div[9]/div[2]/label[1]/span/span')可见
[2022/07/19 20:29:22] - [logging.py] - INFO: 定位元素('xpath', '/html/body/div/div/div[2]/div[2]/div/div/div/div[2]/div[2]/form/div/div[2]/div[2]/div/div/div[9]/div[2]/label[1]/span/span')成功
[2022/07/19 20:29:23] - [logging.py] - ERROR: 查找不到('xpath', '/html/body/div/div/div[2]/div[2]/div/div/div/div[2]/div[2]/form/div/div[2]/div[2]/div/div/div[9]/div[2]/label[1]/span/span')，无法点击
[2022/07/19 20:33:42] - [logging.py] - INFO: 在元素('xpath', "//input[@id='account']")中输入内容：dcy01378776
[2022/07/19 20:33:42] - [logging.py] - INFO: 等待元素('xpath', "//input[@id='account']")可见
[2022/07/19 20:33:42] - [logging.py] - INFO: 定位元素('xpath', "//input[@id='account']")成功
[2022/07/19 20:33:42] - [logging.py] - INFO: 在元素('xpath', "//input[@id='password']")中输入内容：op94857op
[2022/07/19 20:33:42] - [logging.py] - INFO: 等待元素('xpath', "//input[@id='password']")可见
[2022/07/19 20:33:42] - [logging.py] - INFO: 定位元素('xpath', "//input[@id='password']")成功
[2022/07/19 20:33:42] - [logging.py] - INFO: 浏览器放大至全屏
[2022/07/19 20:33:42] - [logging.py] - INFO: 等待元素('xpath', "//button[@type='submit']")可见
[2022/07/19 20:33:42] - [logging.py] - INFO: 定位元素('xpath', "//button[@type='submit']")成功
[2022/07/19 20:33:42] - [logging.py] - INFO: 找到元素('xpath', "//button[@type='submit']")进行点击
[2022/07/19 20:33:50] - [logging.py] - INFO: 等待元素('xpath', "//*[text()='我知道了']")可见
[2022/07/19 20:33:50] - [logging.py] - INFO: 定位元素('xpath', "//*[text()='我知道了']")成功
[2022/07/19 20:33:50] - [logging.py] - INFO: 找到元素('xpath', "//*[text()='我知道了']")进行点击
[2022/07/19 20:33:50] - [logging.py] - INFO: 等待元素('xpath', '/html/body/div[1]/div/div[1]/div[3]/div[2]/div[2]')可见
[2022/07/19 20:33:50] - [logging.py] - INFO: 定位元素('xpath', '/html/body/div[1]/div/div[1]/div[3]/div[2]/div[2]')成功
[2022/07/19 20:33:51] - [logging.py] - INFO: 找到元素('xpath', '/html/body/div[1]/div/div[1]/div[3]/div[2]/div[2]')进行点击
[2022/07/19 20:33:51] - [logging.py] - INFO: 等待元素('link text', '发布制度')可见
[2022/07/19 20:33:51] - [logging.py] - INFO: 定位元素('link text', '发布制度')成功
[2022/07/19 20:33:51] - [logging.py] - INFO: 找到元素('link text', '发布制度')进行点击
[2022/07/19 20:33:54] - [logging.py] - INFO: 在元素('xpath', "//*[@id='baseInfo.NO_NAME_FIELD_$0.NO_NAME_FIELD_$1.title']/span/input")中输入内容：自动化2022-07-19 20:33:33
[2022/07/19 20:33:54] - [logging.py] - INFO: 等待元素('xpath', "//*[@id='baseInfo.NO_NAME_FIELD_$0.NO_NAME_FIELD_$1.title']/span/input")可见
[2022/07/19 20:33:54] - [logging.py] - INFO: 定位元素('xpath', "//*[@id='baseInfo.NO_NAME_FIELD_$0.NO_NAME_FIELD_$1.title']/span/input")成功
[2022/07/19 20:33:54] - [logging.py] - INFO: 在元素('xpath', "//*[@id='baseInfo.NO_NAME_FIELD_$0.NO_NAME_FIELD_$1.code']/span/input")中输入内容：002022-07-19 20:33:33
[2022/07/19 20:33:54] - [logging.py] - INFO: 等待元素('xpath', "//*[@id='baseInfo.NO_NAME_FIELD_$0.NO_NAME_FIELD_$1.code']/span/input")可见
[2022/07/19 20:33:54] - [logging.py] - INFO: 定位元素('xpath', "//*[@id='baseInfo.NO_NAME_FIELD_$0.NO_NAME_FIELD_$1.code']/span/input")成功
[2022/07/19 20:33:55] - [logging.py] - INFO: 在元素('xpath', "//*[@id='baseInfo.NO_NAME_FIELD_$0.NO_NAME_FIELD_$1.belongToBu']/span/span[1]/span[1]/span/input")中输入内容：阿x巴x
[2022/07/19 20:33:55] - [logging.py] - INFO: 等待元素('xpath', "//*[@id='baseInfo.NO_NAME_FIELD_$0.NO_NAME_FIELD_$1.belongToBu']/span/span[1]/span[1]/span/input")可见
[2022/07/19 20:33:55] - [logging.py] - INFO: 定位元素('xpath', "//*[@id='baseInfo.NO_NAME_FIELD_$0.NO_NAME_FIELD_$1.belongToBu']/span/span[1]/span[1]/span/input")成功
[2022/07/19 20:33:58] - [logging.py] - INFO: 等待元素('xpath', '/html/body/div[5]/div/ul/li/div/span')可见
[2022/07/19 20:33:58] - [logging.py] - INFO: 定位元素('xpath', '/html/body/div[5]/div/ul/li/div/span')成功
[2022/07/19 20:33:58] - [logging.py] - INFO: 找到元素('xpath', '/html/body/div[5]/div/ul/li/div/span')进行点击
[2022/07/19 20:33:58] - [logging.py] - INFO: 在元素('xpath', "//*[@id='baseInfo.NO_NAME_FIELD_$0.NO_NAME_FIELD_$1.scopePartitionList']/span/span[1]/span[1]/span/input")中输入内容：虚拟组织
[2022/07/19 20:33:58] - [logging.py] - INFO: 等待元素('xpath', "//*[@id='baseInfo.NO_NAME_FIELD_$0.NO_NAME_FIELD_$1.scopePartitionList']/span/span[1]/span[1]/span/input")可见
[2022/07/19 20:33:58] - [logging.py] - INFO: 定位元素('xpath', "//*[@id='baseInfo.NO_NAME_FIELD_$0.NO_NAME_FIELD_$1.scopePartitionList']/span/span[1]/span[1]/span/input")成功
[2022/07/19 20:34:01] - [logging.py] - INFO: 等待元素('xpath', '/html/body/div[6]/div/ul/li/div/span')可见
[2022/07/19 20:34:01] - [logging.py] - INFO: 定位元素('xpath', '/html/body/div[6]/div/ul/li/div/span')成功
[2022/07/19 20:34:01] - [logging.py] - INFO: 找到元素('xpath', '/html/body/div[6]/div/ul/li/div/span')进行点击
[2022/07/19 20:34:01] - [logging.py] - INFO: 在元素('xpath', "//*[@id='baseInfo.NO_NAME_FIELD_$0.NO_NAME_FIELD_$1.coreUserGroup']/span/span[1]/span[1]/span/input")中输入内容：阿
[2022/07/19 20:34:01] - [logging.py] - INFO: 等待元素('xpath', "//*[@id='baseInfo.NO_NAME_FIELD_$0.NO_NAME_FIELD_$1.coreUserGroup']/span/span[1]/span[1]/span/input")可见
[2022/07/19 20:34:01] - [logging.py] - INFO: 定位元素('xpath', "//*[@id='baseInfo.NO_NAME_FIELD_$0.NO_NAME_FIELD_$1.coreUserGroup']/span/span[1]/span[1]/span/input")成功
[2022/07/19 20:34:04] - [logging.py] - INFO: 等待元素('xpath', "//span[text()='阿x集x(Corp)']")可见
[2022/07/19 20:34:04] - [logging.py] - INFO: 定位元素('xpath', "//span[text()='阿x集x(Corp)']")成功
[2022/07/19 20:34:04] - [logging.py] - INFO: 找到元素('xpath', "//span[text()='阿x集x(Corp)']")进行点击
[2022/07/19 20:34:04] - [logging.py] - INFO: 等待元素('xpath', "//*[@id='baseInfo.NO_NAME_FIELD_$0.NO_NAME_FIELD_$1.categorySecondId']/span/span[1]/span[2]/span/i")可见
[2022/07/19 20:34:04] - [logging.py] - INFO: 定位元素('xpath', "//*[@id='baseInfo.NO_NAME_FIELD_$0.NO_NAME_FIELD_$1.categorySecondId']/span/span[1]/span[2]/span/i")成功
[2022/07/19 20:34:04] - [logging.py] - INFO: 找到元素('xpath', "//*[@id='baseInfo.NO_NAME_FIELD_$0.NO_NAME_FIELD_$1.categorySecondId']/span/span[1]/span[2]/span/i")进行点击
[2022/07/19 20:34:08] - [logging.py] - INFO: 等待元素('xpath', "//*[@id='153']/div/div/div")可见
[2022/07/19 20:34:08] - [logging.py] - INFO: 定位元素('xpath', "//*[@id='153']/div/div/div")成功
[2022/07/19 20:34:08] - [logging.py] - INFO: 找到元素('xpath', "//*[@id='153']/div/div/div")进行点击
[2022/07/19 20:34:08] - [logging.py] - INFO: 等待元素('xpath', "//*[@id='baseInfo.NO_NAME_FIELD_$0.NO_NAME_FIELD_$1.levelSecond']/span/span[1]/span[2]/span[1]/i")可见
[2022/07/19 20:34:08] - [logging.py] - INFO: 定位元素('xpath', "//*[@id='baseInfo.NO_NAME_FIELD_$0.NO_NAME_FIELD_$1.levelSecond']/span/span[1]/span[2]/span[1]/i")成功
[2022/07/19 20:34:08] - [logging.py] - INFO: 找到元素('xpath', "//*[@id='baseInfo.NO_NAME_FIELD_$0.NO_NAME_FIELD_$1.levelSecond']/span/span[1]/span[2]/span[1]/i")进行点击
[2022/07/19 20:34:08] - [logging.py] - INFO: 等待元素('xpath', "//span[text()='管理制度']")可见
[2022/07/19 20:34:08] - [logging.py] - INFO: 定位元素('xpath', "//span[text()='管理制度']")成功
[2022/07/19 20:34:08] - [logging.py] - INFO: 找到元素('xpath', "//span[text()='管理制度']")进行点击
[2022/07/19 20:34:08] - [logging.py] - INFO: 在元素('xpath', "//*[@id='baseInfo.NO_NAME_FIELD_$0.NO_NAME_FIELD_$1.ownerUserId']/span/span[1]/span[1]/span/input")中输入内容：WB01378776
[2022/07/19 20:34:08] - [logging.py] - INFO: 等待元素('xpath', "//*[@id='baseInfo.NO_NAME_FIELD_$0.NO_NAME_FIELD_$1.ownerUserId']/span/span[1]/span[1]/span/input")可见
[2022/07/19 20:34:08] - [logging.py] - INFO: 定位元素('xpath', "//*[@id='baseInfo.NO_NAME_FIELD_$0.NO_NAME_FIELD_$1.ownerUserId']/span/span[1]/span[1]/span/input")成功
[2022/07/19 20:34:12] - [logging.py] - INFO: 等待元素('xpath', '/html/body/div[8]/div/ul/li/div/span/div')可见
[2022/07/19 20:34:12] - [logging.py] - INFO: 定位元素('xpath', '/html/body/div[8]/div/ul/li/div/span/div')成功
[2022/07/19 20:34:12] - [logging.py] - INFO: 找到元素('xpath', '/html/body/div[8]/div/ul/li/div/span/div')进行点击
[2022/07/19 20:34:12] - [logging.py] - INFO: 等待元素('xpath', "//input[@placeholder='请选择日期']")可见
[2022/07/19 20:34:12] - [logging.py] - INFO: 定位元素('xpath', "//input[@placeholder='请选择日期']")成功
[2022/07/19 20:34:12] - [logging.py] - INFO: 找到元素('xpath', "//input[@placeholder='请选择日期']")进行点击
[2022/07/19 20:34:12] - [logging.py] - INFO: 在元素('xpath', '/html/body/div[9]/div/div[1]/span/input')中输入内容：2022-07-19
[2022/07/19 20:34:12] - [logging.py] - INFO: 等待元素('xpath', '/html/body/div[9]/div/div[1]/span/input')可见
[2022/07/19 20:34:12] - [logging.py] - INFO: 定位元素('xpath', '/html/body/div[9]/div/div[1]/span/input')成功
[2022/07/19 20:34:12] - [logging.py] - INFO: 等待元素('xpath', "//*[@id='whale-page']/div[2]/div/button[2]/span")可见
[2022/07/19 20:34:12] - [logging.py] - INFO: 定位元素('xpath', "//*[@id='whale-page']/div[2]/div/button[2]/span")成功
[2022/07/19 20:34:13] - [logging.py] - INFO: 找到元素('xpath', "//*[@id='whale-page']/div[2]/div/button[2]/span")进行点击
[2022/07/19 20:34:16] - [logging.py] - INFO: 等待元素('xpath', '/html/body/div/div/div[2]/div[2]/div/div/div/div[2]/div[2]/form/div/div[2]/div[2]/div/div/div[9]/div[2]/label[1]/span/span')可见
[2022/07/19 20:34:16] - [logging.py] - INFO: 定位元素('xpath', '/html/body/div/div/div[2]/div[2]/div/div/div/div[2]/div[2]/form/div/div[2]/div[2]/div/div/div[9]/div[2]/label[1]/span/span')成功
[2022/07/19 20:34:17] - [logging.py] - ERROR: 查找不到('xpath', '/html/body/div/div/div[2]/div[2]/div/div/div/div[2]/div[2]/form/div/div[2]/div[2]/div/div/div[9]/div[2]/label[1]/span/span')，无法点击
[2022/07/19 20:34:28] - [logging.py] - INFO: 在元素('xpath', "//input[@id='account']")中输入内容：dcy01378776
[2022/07/19 20:34:28] - [logging.py] - INFO: 等待元素('xpath', "//input[@id='account']")可见
[2022/07/19 20:34:28] - [logging.py] - INFO: 定位元素('xpath', "//input[@id='account']")成功
[2022/07/19 20:34:28] - [logging.py] - INFO: 在元素('xpath', "//input[@id='password']")中输入内容：op94857op
[2022/07/19 20:34:30] - [logging.py] - ERROR: 等待元素('xpath', "//input[@id='password']")可见失败
[2022/07/19 20:37:11] - [logging.py] - INFO: 在元素('xpath', "//input[@id='account']")中输入内容：dcy01378776
[2022/07/19 20:37:11] - [logging.py] - INFO: 等待元素('xpath', "//input[@id='account']")可见
[2022/07/19 20:37:11] - [logging.py] - INFO: 定位元素('xpath', "//input[@id='account']")成功
[2022/07/19 20:37:11] - [logging.py] - INFO: 在元素('xpath', "//input[@id='password']")中输入内容：op94857op
[2022/07/19 20:37:11] - [logging.py] - INFO: 等待元素('xpath', "//input[@id='password']")可见
[2022/07/19 20:37:11] - [logging.py] - INFO: 定位元素('xpath', "//input[@id='password']")成功
[2022/07/19 20:37:11] - [logging.py] - INFO: 浏览器放大至全屏
[2022/07/19 20:37:11] - [logging.py] - INFO: 等待元素('xpath', "//button[@type='submit']")可见
[2022/07/19 20:37:11] - [logging.py] - INFO: 定位元素('xpath', "//button[@type='submit']")成功
[2022/07/19 20:37:11] - [logging.py] - INFO: 找到元素('xpath', "//button[@type='submit']")进行点击
[2022/07/19 20:37:19] - [logging.py] - INFO: 等待元素('xpath', "//*[text()='我知道了']")可见
[2022/07/19 20:37:19] - [logging.py] - INFO: 定位元素('xpath', "//*[text()='我知道了']")成功
[2022/07/19 20:37:19] - [logging.py] - INFO: 找到元素('xpath', "//*[text()='我知道了']")进行点击
[2022/07/19 20:37:19] - [logging.py] - INFO: 等待元素('xpath', '/html/body/div[1]/div/div[1]/div[3]/div[2]/div[2]')可见
[2022/07/19 20:37:19] - [logging.py] - INFO: 定位元素('xpath', '/html/body/div[1]/div/div[1]/div[3]/div[2]/div[2]')成功
[2022/07/19 20:37:20] - [logging.py] - INFO: 找到元素('xpath', '/html/body/div[1]/div/div[1]/div[3]/div[2]/div[2]')进行点击
[2022/07/19 20:37:20] - [logging.py] - INFO: 等待元素('link text', '发布制度')可见
[2022/07/19 20:37:20] - [logging.py] - INFO: 定位元素('link text', '发布制度')成功
[2022/07/19 20:37:20] - [logging.py] - INFO: 找到元素('link text', '发布制度')进行点击
[2022/07/19 20:37:23] - [logging.py] - INFO: 在元素('xpath', "//*[@id='baseInfo.NO_NAME_FIELD_$0.NO_NAME_FIELD_$1.title']/span/input")中输入内容：自动化2022-07-19 20:37:03
[2022/07/19 20:37:23] - [logging.py] - INFO: 等待元素('xpath', "//*[@id='baseInfo.NO_NAME_FIELD_$0.NO_NAME_FIELD_$1.title']/span/input")可见
[2022/07/19 20:37:23] - [logging.py] - INFO: 定位元素('xpath', "//*[@id='baseInfo.NO_NAME_FIELD_$0.NO_NAME_FIELD_$1.title']/span/input")成功
[2022/07/19 20:37:23] - [logging.py] - INFO: 在元素('xpath', "//*[@id='baseInfo.NO_NAME_FIELD_$0.NO_NAME_FIELD_$1.code']/span/input")中输入内容：002022-07-19 20:37:03
[2022/07/19 20:37:23] - [logging.py] - INFO: 等待元素('xpath', "//*[@id='baseInfo.NO_NAME_FIELD_$0.NO_NAME_FIELD_$1.code']/span/input")可见
[2022/07/19 20:37:23] - [logging.py] - INFO: 定位元素('xpath', "//*[@id='baseInfo.NO_NAME_FIELD_$0.NO_NAME_FIELD_$1.code']/span/input")成功
[2022/07/19 20:37:23] - [logging.py] - INFO: 在元素('xpath', "//*[@id='baseInfo.NO_NAME_FIELD_$0.NO_NAME_FIELD_$1.belongToBu']/span/span[1]/span[1]/span/input")中输入内容：阿x巴x
[2022/07/19 20:37:23] - [logging.py] - INFO: 等待元素('xpath', "//*[@id='baseInfo.NO_NAME_FIELD_$0.NO_NAME_FIELD_$1.belongToBu']/span/span[1]/span[1]/span/input")可见
[2022/07/19 20:37:23] - [logging.py] - INFO: 定位元素('xpath', "//*[@id='baseInfo.NO_NAME_FIELD_$0.NO_NAME_FIELD_$1.belongToBu']/span/span[1]/span[1]/span/input")成功
[2022/07/19 20:37:27] - [logging.py] - INFO: 等待元素('xpath', '/html/body/div[5]/div/ul/li/div/span')可见
[2022/07/19 20:37:27] - [logging.py] - INFO: 定位元素('xpath', '/html/body/div[5]/div/ul/li/div/span')成功
[2022/07/19 20:37:27] - [logging.py] - INFO: 找到元素('xpath', '/html/body/div[5]/div/ul/li/div/span')进行点击
[2022/07/19 20:37:27] - [logging.py] - INFO: 在元素('xpath', "//*[@id='baseInfo.NO_NAME_FIELD_$0.NO_NAME_FIELD_$1.scopePartitionList']/span/span[1]/span[1]/span/input")中输入内容：虚拟组织
[2022/07/19 20:37:27] - [logging.py] - INFO: 等待元素('xpath', "//*[@id='baseInfo.NO_NAME_FIELD_$0.NO_NAME_FIELD_$1.scopePartitionList']/span/span[1]/span[1]/span/input")可见
[2022/07/19 20:37:27] - [logging.py] - INFO: 定位元素('xpath', "//*[@id='baseInfo.NO_NAME_FIELD_$0.NO_NAME_FIELD_$1.scopePartitionList']/span/span[1]/span[1]/span/input")成功
[2022/07/19 20:37:30] - [logging.py] - INFO: 等待元素('xpath', '/html/body/div[6]/div/ul/li/div/span')可见
[2022/07/19 20:37:30] - [logging.py] - INFO: 定位元素('xpath', '/html/body/div[6]/div/ul/li/div/span')成功
[2022/07/19 20:37:30] - [logging.py] - INFO: 找到元素('xpath', '/html/body/div[6]/div/ul/li/div/span')进行点击
[2022/07/19 20:37:30] - [logging.py] - INFO: 在元素('xpath', "//*[@id='baseInfo.NO_NAME_FIELD_$0.NO_NAME_FIELD_$1.coreUserGroup']/span/span[1]/span[1]/span/input")中输入内容：阿
[2022/07/19 20:37:30] - [logging.py] - INFO: 等待元素('xpath', "//*[@id='baseInfo.NO_NAME_FIELD_$0.NO_NAME_FIELD_$1.coreUserGroup']/span/span[1]/span[1]/span/input")可见
[2022/07/19 20:37:30] - [logging.py] - INFO: 定位元素('xpath', "//*[@id='baseInfo.NO_NAME_FIELD_$0.NO_NAME_FIELD_$1.coreUserGroup']/span/span[1]/span[1]/span/input")成功
[2022/07/19 20:37:34] - [logging.py] - INFO: 等待元素('xpath', "//span[text()='阿x集x(Corp)']")可见
[2022/07/19 20:37:34] - [logging.py] - INFO: 定位元素('xpath', "//span[text()='阿x集x(Corp)']")成功
[2022/07/19 20:37:34] - [logging.py] - INFO: 找到元素('xpath', "//span[text()='阿x集x(Corp)']")进行点击
[2022/07/19 20:37:34] - [logging.py] - INFO: 等待元素('xpath', "//*[@id='baseInfo.NO_NAME_FIELD_$0.NO_NAME_FIELD_$1.categorySecondId']/span/span[1]/span[2]/span/i")可见
[2022/07/19 20:37:34] - [logging.py] - INFO: 定位元素('xpath', "//*[@id='baseInfo.NO_NAME_FIELD_$0.NO_NAME_FIELD_$1.categorySecondId']/span/span[1]/span[2]/span/i")成功
[2022/07/19 20:37:34] - [logging.py] - INFO: 找到元素('xpath', "//*[@id='baseInfo.NO_NAME_FIELD_$0.NO_NAME_FIELD_$1.categorySecondId']/span/span[1]/span[2]/span/i")进行点击
[2022/07/19 20:37:37] - [logging.py] - INFO: 等待元素('xpath', "//*[@id='153']/div/div/div")可见
[2022/07/19 20:37:37] - [logging.py] - INFO: 定位元素('xpath', "//*[@id='153']/div/div/div")成功
[2022/07/19 20:37:37] - [logging.py] - INFO: 找到元素('xpath', "//*[@id='153']/div/div/div")进行点击
[2022/07/19 20:37:37] - [logging.py] - INFO: 等待元素('xpath', "//*[@id='baseInfo.NO_NAME_FIELD_$0.NO_NAME_FIELD_$1.levelSecond']/span/span[1]/span[2]/span[1]/i")可见
[2022/07/19 20:37:37] - [logging.py] - INFO: 定位元素('xpath', "//*[@id='baseInfo.NO_NAME_FIELD_$0.NO_NAME_FIELD_$1.levelSecond']/span/span[1]/span[2]/span[1]/i")成功
[2022/07/19 20:37:38] - [logging.py] - INFO: 找到元素('xpath', "//*[@id='baseInfo.NO_NAME_FIELD_$0.NO_NAME_FIELD_$1.levelSecond']/span/span[1]/span[2]/span[1]/i")进行点击
[2022/07/19 20:37:38] - [logging.py] - INFO: 等待元素('xpath', "//span[text()='管理制度']")可见
[2022/07/19 20:37:38] - [logging.py] - INFO: 定位元素('xpath', "//span[text()='管理制度']")成功
[2022/07/19 20:37:38] - [logging.py] - INFO: 找到元素('xpath', "//span[text()='管理制度']")进行点击
[2022/07/19 20:37:38] - [logging.py] - INFO: 在元素('xpath', "//*[@id='baseInfo.NO_NAME_FIELD_$0.NO_NAME_FIELD_$1.ownerUserId']/span/span[1]/span[1]/span/input")中输入内容：WB01378776
[2022/07/19 20:37:38] - [logging.py] - INFO: 等待元素('xpath', "//*[@id='baseInfo.NO_NAME_FIELD_$0.NO_NAME_FIELD_$1.ownerUserId']/span/span[1]/span[1]/span/input")可见
[2022/07/19 20:37:38] - [logging.py] - INFO: 定位元素('xpath', "//*[@id='baseInfo.NO_NAME_FIELD_$0.NO_NAME_FIELD_$1.ownerUserId']/span/span[1]/span[1]/span/input")成功
[2022/07/19 20:37:42] - [logging.py] - INFO: 等待元素('xpath', '/html/body/div[8]/div/ul/li/div/span/div')可见
[2022/07/19 20:37:42] - [logging.py] - INFO: 定位元素('xpath', '/html/body/div[8]/div/ul/li/div/span/div')成功
[2022/07/19 20:37:42] - [logging.py] - INFO: 找到元素('xpath', '/html/body/div[8]/div/ul/li/div/span/div')进行点击
[2022/07/19 20:37:42] - [logging.py] - INFO: 等待元素('xpath', "//input[@placeholder='请选择日期']")可见
[2022/07/19 20:37:42] - [logging.py] - INFO: 定位元素('xpath', "//input[@placeholder='请选择日期']")成功
[2022/07/19 20:37:42] - [logging.py] - INFO: 找到元素('xpath', "//input[@placeholder='请选择日期']")进行点击
[2022/07/19 20:37:42] - [logging.py] - INFO: 在元素('xpath', '/html/body/div[9]/div/div[1]/span/input')中输入内容：2022-07-19
[2022/07/19 20:37:42] - [logging.py] - INFO: 等待元素('xpath', '/html/body/div[9]/div/div[1]/span/input')可见
[2022/07/19 20:37:42] - [logging.py] - INFO: 定位元素('xpath', '/html/body/div[9]/div/div[1]/span/input')成功
[2022/07/19 20:37:42] - [logging.py] - INFO: 等待元素('xpath', "//*[@id='whale-page']/div[2]/div/button[2]/span")可见
[2022/07/19 20:37:42] - [logging.py] - INFO: 定位元素('xpath', "//*[@id='whale-page']/div[2]/div/button[2]/span")成功
[2022/07/19 20:37:42] - [logging.py] - INFO: 找到元素('xpath', "//*[@id='whale-page']/div[2]/div/button[2]/span")进行点击
[2022/07/19 20:37:45] - [logging.py] - INFO: 等待元素('xpath', "//*[@id='baseInfo.NO_NAME_FIELD_$0.NO_NAME_FIELD_$1.hasInterestRelation']/div[2]/label[1]")可见
[2022/07/19 20:37:45] - [logging.py] - INFO: 定位元素('xpath', "//*[@id='baseInfo.NO_NAME_FIELD_$0.NO_NAME_FIELD_$1.hasInterestRelation']/div[2]/label[1]")成功
[2022/07/19 20:37:46] - [logging.py] - INFO: 找到元素('xpath', "//*[@id='baseInfo.NO_NAME_FIELD_$0.NO_NAME_FIELD_$1.hasInterestRelation']/div[2]/label[1]")进行点击
[2022/07/19 20:37:56] - [logging.py] - ERROR: 等待元素('xpath', "//*[@id='baseInfo.NO_NAME_FIELD_$0.NO_NAME_FIELD_$1.isWbVisible']/div[2]/label[1]/span[1]/input")可见失败
[2022/07/19 20:37:56] - [logging.py] - ERROR: 查找不到('xpath', "//*[@id='baseInfo.NO_NAME_FIELD_$0.NO_NAME_FIELD_$1.isWbVisible']/div[2]/label[1]/span[1]/input")，无法点击
[2022/07/19 20:44:07] - [logging.py] - INFO: 在元素('xpath', "//input[@id='account']")中输入内容：dcy01378776
[2022/07/19 20:44:07] - [logging.py] - INFO: 等待元素('xpath', "//input[@id='account']")可见
[2022/07/19 20:44:07] - [logging.py] - INFO: 定位元素('xpath', "//input[@id='account']")成功
[2022/07/19 20:44:07] - [logging.py] - INFO: 在元素('xpath', "//input[@id='password']")中输入内容：op94857op
[2022/07/19 20:44:07] - [logging.py] - INFO: 等待元素('xpath', "//input[@id='password']")可见
[2022/07/19 20:44:07] - [logging.py] - INFO: 定位元素('xpath', "//input[@id='password']")成功
[2022/07/19 20:44:07] - [logging.py] - INFO: 浏览器放大至全屏
[2022/07/19 20:44:07] - [logging.py] - INFO: 等待元素('xpath', "//button[@type='submit']")可见
[2022/07/19 20:44:07] - [logging.py] - INFO: 定位元素('xpath', "//button[@type='submit']")成功
[2022/07/19 20:44:07] - [logging.py] - INFO: 找到元素('xpath', "//button[@type='submit']")进行点击
[2022/07/19 20:44:15] - [logging.py] - INFO: 等待元素('xpath', "//*[text()='我知道了']")可见
[2022/07/19 20:44:15] - [logging.py] - INFO: 定位元素('xpath', "//*[text()='我知道了']")成功
[2022/07/19 20:44:16] - [logging.py] - INFO: 找到元素('xpath', "//*[text()='我知道了']")进行点击
[2022/07/19 20:44:16] - [logging.py] - INFO: 等待元素('xpath', '/html/body/div[1]/div/div[1]/div[3]/div[2]/div[2]')可见
[2022/07/19 20:44:16] - [logging.py] - INFO: 定位元素('xpath', '/html/body/div[1]/div/div[1]/div[3]/div[2]/div[2]')成功
[2022/07/19 20:44:16] - [logging.py] - INFO: 找到元素('xpath', '/html/body/div[1]/div/div[1]/div[3]/div[2]/div[2]')进行点击
[2022/07/19 20:44:16] - [logging.py] - INFO: 等待元素('link text', '发布制度')可见
[2022/07/19 20:44:16] - [logging.py] - INFO: 定位元素('link text', '发布制度')成功
[2022/07/19 20:44:16] - [logging.py] - INFO: 找到元素('link text', '发布制度')进行点击
[2022/07/19 20:44:19] - [logging.py] - INFO: 在元素('xpath', "//*[@id='baseInfo.NO_NAME_FIELD_$0.NO_NAME_FIELD_$1.title']/span/input")中输入内容：自动化2022-07-19 20:43:58
[2022/07/19 20:44:19] - [logging.py] - INFO: 等待元素('xpath', "//*[@id='baseInfo.NO_NAME_FIELD_$0.NO_NAME_FIELD_$1.title']/span/input")可见
[2022/07/19 20:44:19] - [logging.py] - INFO: 定位元素('xpath', "//*[@id='baseInfo.NO_NAME_FIELD_$0.NO_NAME_FIELD_$1.title']/span/input")成功
[2022/07/19 20:44:19] - [logging.py] - INFO: 在元素('xpath', "//*[@id='baseInfo.NO_NAME_FIELD_$0.NO_NAME_FIELD_$1.code']/span/input")中输入内容：002022-07-19 20:43:58
[2022/07/19 20:44:19] - [logging.py] - INFO: 等待元素('xpath', "//*[@id='baseInfo.NO_NAME_FIELD_$0.NO_NAME_FIELD_$1.code']/span/input")可见
[2022/07/19 20:44:19] - [logging.py] - INFO: 定位元素('xpath', "//*[@id='baseInfo.NO_NAME_FIELD_$0.NO_NAME_FIELD_$1.code']/span/input")成功
[2022/07/19 20:44:20] - [logging.py] - INFO: 在元素('xpath', "//*[@id='baseInfo.NO_NAME_FIELD_$0.NO_NAME_FIELD_$1.belongToBu']/span/span[1]/span[1]/span/input")中输入内容：阿x巴x
[2022/07/19 20:44:20] - [logging.py] - INFO: 等待元素('xpath', "//*[@id='baseInfo.NO_NAME_FIELD_$0.NO_NAME_FIELD_$1.belongToBu']/span/span[1]/span[1]/span/input")可见
[2022/07/19 20:44:20] - [logging.py] - INFO: 定位元素('xpath', "//*[@id='baseInfo.NO_NAME_FIELD_$0.NO_NAME_FIELD_$1.belongToBu']/span/span[1]/span[1]/span/input")成功
[2022/07/19 20:44:23] - [logging.py] - INFO: 等待元素('xpath', '/html/body/div[5]/div/ul/li/div/span')可见
[2022/07/19 20:44:23] - [logging.py] - INFO: 定位元素('xpath', '/html/body/div[5]/div/ul/li/div/span')成功
[2022/07/19 20:44:23] - [logging.py] - INFO: 找到元素('xpath', '/html/body/div[5]/div/ul/li/div/span')进行点击
[2022/07/19 20:44:23] - [logging.py] - INFO: 在元素('xpath', "//*[@id='baseInfo.NO_NAME_FIELD_$0.NO_NAME_FIELD_$1.scopePartitionList']/span/span[1]/span[1]/span/input")中输入内容：虚拟组织
[2022/07/19 20:44:23] - [logging.py] - INFO: 等待元素('xpath', "//*[@id='baseInfo.NO_NAME_FIELD_$0.NO_NAME_FIELD_$1.scopePartitionList']/span/span[1]/span[1]/span/input")可见
[2022/07/19 20:44:23] - [logging.py] - INFO: 定位元素('xpath', "//*[@id='baseInfo.NO_NAME_FIELD_$0.NO_NAME_FIELD_$1.scopePartitionList']/span/span[1]/span[1]/span/input")成功
[2022/07/19 20:44:26] - [logging.py] - INFO: 等待元素('xpath', '/html/body/div[6]/div/ul/li/div/span')可见
[2022/07/19 20:44:26] - [logging.py] - INFO: 定位元素('xpath', '/html/body/div[6]/div/ul/li/div/span')成功
[2022/07/19 20:44:26] - [logging.py] - INFO: 找到元素('xpath', '/html/body/div[6]/div/ul/li/div/span')进行点击
[2022/07/19 20:44:26] - [logging.py] - INFO: 在元素('xpath', "//*[@id='baseInfo.NO_NAME_FIELD_$0.NO_NAME_FIELD_$1.coreUserGroup']/span/span[1]/span[1]/span/input")中输入内容：阿
[2022/07/19 20:44:26] - [logging.py] - INFO: 等待元素('xpath', "//*[@id='baseInfo.NO_NAME_FIELD_$0.NO_NAME_FIELD_$1.coreUserGroup']/span/span[1]/span[1]/span/input")可见
[2022/07/19 20:44:26] - [logging.py] - INFO: 定位元素('xpath', "//*[@id='baseInfo.NO_NAME_FIELD_$0.NO_NAME_FIELD_$1.coreUserGroup']/span/span[1]/span[1]/span/input")成功
[2022/07/19 20:44:29] - [logging.py] - INFO: 等待元素('xpath', "//span[text()='阿x集x(Corp)']")可见
[2022/07/19 20:44:29] - [logging.py] - INFO: 定位元素('xpath', "//span[text()='阿x集x(Corp)']")成功
[2022/07/19 20:44:29] - [logging.py] - INFO: 找到元素('xpath', "//span[text()='阿x集x(Corp)']")进行点击
[2022/07/19 20:44:29] - [logging.py] - INFO: 等待元素('xpath', "//*[@id='baseInfo.NO_NAME_FIELD_$0.NO_NAME_FIELD_$1.categorySecondId']/span/span[1]/span[2]/span/i")可见
[2022/07/19 20:44:29] - [logging.py] - INFO: 定位元素('xpath', "//*[@id='baseInfo.NO_NAME_FIELD_$0.NO_NAME_FIELD_$1.categorySecondId']/span/span[1]/span[2]/span/i")成功
[2022/07/19 20:44:30] - [logging.py] - INFO: 找到元素('xpath', "//*[@id='baseInfo.NO_NAME_FIELD_$0.NO_NAME_FIELD_$1.categorySecondId']/span/span[1]/span[2]/span/i")进行点击
[2022/07/19 20:44:33] - [logging.py] - INFO: 等待元素('xpath', "//*[@id='153']/div/div/div")可见
[2022/07/19 20:44:33] - [logging.py] - INFO: 定位元素('xpath', "//*[@id='153']/div/div/div")成功
[2022/07/19 20:44:33] - [logging.py] - INFO: 找到元素('xpath', "//*[@id='153']/div/div/div")进行点击
[2022/07/19 20:44:33] - [logging.py] - INFO: 等待元素('xpath', "//*[@id='baseInfo.NO_NAME_FIELD_$0.NO_NAME_FIELD_$1.levelSecond']/span/span[1]/span[2]/span[1]/i")可见
[2022/07/19 20:44:33] - [logging.py] - INFO: 定位元素('xpath', "//*[@id='baseInfo.NO_NAME_FIELD_$0.NO_NAME_FIELD_$1.levelSecond']/span/span[1]/span[2]/span[1]/i")成功
[2022/07/19 20:44:33] - [logging.py] - INFO: 找到元素('xpath', "//*[@id='baseInfo.NO_NAME_FIELD_$0.NO_NAME_FIELD_$1.levelSecond']/span/span[1]/span[2]/span[1]/i")进行点击
[2022/07/19 20:44:33] - [logging.py] - INFO: 等待元素('xpath', "//span[text()='管理制度']")可见
[2022/07/19 20:44:33] - [logging.py] - INFO: 定位元素('xpath', "//span[text()='管理制度']")成功
[2022/07/19 20:44:33] - [logging.py] - INFO: 找到元素('xpath', "//span[text()='管理制度']")进行点击
[2022/07/19 20:44:33] - [logging.py] - INFO: 在元素('xpath', "//*[@id='baseInfo.NO_NAME_FIELD_$0.NO_NAME_FIELD_$1.ownerUserId']/span/span[1]/span[1]/span/input")中输入内容：WB01378776
[2022/07/19 20:44:33] - [logging.py] - INFO: 等待元素('xpath', "//*[@id='baseInfo.NO_NAME_FIELD_$0.NO_NAME_FIELD_$1.ownerUserId']/span/span[1]/span[1]/span/input")可见
[2022/07/19 20:44:33] - [logging.py] - INFO: 定位元素('xpath', "//*[@id='baseInfo.NO_NAME_FIELD_$0.NO_NAME_FIELD_$1.ownerUserId']/span/span[1]/span[1]/span/input")成功
[2022/07/19 20:44:37] - [logging.py] - INFO: 等待元素('xpath', '/html/body/div[8]/div/ul/li/div/span/div')可见
[2022/07/19 20:44:37] - [logging.py] - INFO: 定位元素('xpath', '/html/body/div[8]/div/ul/li/div/span/div')成功
[2022/07/19 20:44:37] - [logging.py] - INFO: 找到元素('xpath', '/html/body/div[8]/div/ul/li/div/span/div')进行点击
[2022/07/19 20:44:37] - [logging.py] - INFO: 等待元素('xpath', "//input[@placeholder='请选择日期']")可见
[2022/07/19 20:44:37] - [logging.py] - INFO: 定位元素('xpath', "//input[@placeholder='请选择日期']")成功
[2022/07/19 20:44:37] - [logging.py] - INFO: 找到元素('xpath', "//input[@placeholder='请选择日期']")进行点击
[2022/07/19 20:44:37] - [logging.py] - INFO: 在元素('xpath', '/html/body/div[9]/div/div[1]/span/input')中输入内容：2022-07-19
[2022/07/19 20:44:37] - [logging.py] - INFO: 等待元素('xpath', '/html/body/div[9]/div/div[1]/span/input')可见
[2022/07/19 20:44:37] - [logging.py] - INFO: 定位元素('xpath', '/html/body/div[9]/div/div[1]/span/input')成功
[2022/07/19 20:44:40] - [logging.py] - INFO: 等待元素('xpath', "//*[@id='baseInfo.NO_NAME_FIELD_$0.NO_NAME_FIELD_$1.hasInterestRelation']/div[2]/label[1]")可见
[2022/07/19 20:44:40] - [logging.py] - INFO: 定位元素('xpath', "//*[@id='baseInfo.NO_NAME_FIELD_$0.NO_NAME_FIELD_$1.hasInterestRelation']/div[2]/label[1]")成功
[2022/07/19 20:44:41] - [logging.py] - INFO: 找到元素('xpath', "//*[@id='baseInfo.NO_NAME_FIELD_$0.NO_NAME_FIELD_$1.hasInterestRelation']/div[2]/label[1]")进行点击
[2022/07/19 20:44:41] - [logging.py] - INFO: 等待元素('xpath', "//*[@id='baseInfo.NO_NAME_FIELD_$0.NO_NAME_FIELD_$1.isWbVisible']/div[2]/label[1]")可见
[2022/07/19 20:44:41] - [logging.py] - INFO: 定位元素('xpath', "//*[@id='baseInfo.NO_NAME_FIELD_$0.NO_NAME_FIELD_$1.isWbVisible']/div[2]/label[1]")成功
[2022/07/19 20:44:41] - [logging.py] - INFO: 找到元素('xpath', "//*[@id='baseInfo.NO_NAME_FIELD_$0.NO_NAME_FIELD_$1.isWbVisible']/div[2]/label[1]")进行点击
[2022/07/19 20:44:41] - [logging.py] - INFO: 等待元素('xpath', "//*[@id='baseInfo.NO_NAME_FIELD_$0.NO_NAME_FIELD_$1.isDownload']/div[2]/label[2]")可见
[2022/07/19 20:44:41] - [logging.py] - INFO: 定位元素('xpath', "//*[@id='baseInfo.NO_NAME_FIELD_$0.NO_NAME_FIELD_$1.isDownload']/div[2]/label[2]")成功
[2022/07/19 20:44:41] - [logging.py] - INFO: 找到元素('xpath', "//*[@id='baseInfo.NO_NAME_FIELD_$0.NO_NAME_FIELD_$1.isDownload']/div[2]/label[2]")进行点击
[2022/07/19 20:44:41] - [logging.py] - ERROR: 等待元素('xpath', '//*[@id=‘baseInfo.NO_NAME_FIELD_$0.NO_NAME_FIELD_$1.isInvolvedCompliance’]/div[2]/label[1]')可见失败
[2022/07/19 20:44:41] - [logging.py] - ERROR: 查找不到('xpath', '//*[@id=‘baseInfo.NO_NAME_FIELD_$0.NO_NAME_FIELD_$1.isInvolvedCompliance’]/div[2]/label[1]')，无法点击
[2022/07/19 20:44:51] - [logging.py] - INFO: 在元素('xpath', "//input[@id='account']")中输入内容：dcy01378776
[2022/07/19 20:44:51] - [logging.py] - INFO: 等待元素('xpath', "//input[@id='account']")可见
[2022/07/19 20:44:51] - [logging.py] - INFO: 定位元素('xpath', "//input[@id='account']")成功
[2022/07/19 20:44:51] - [logging.py] - INFO: 在元素('xpath', "//input[@id='password']")中输入内容：op94857op
[2022/07/19 20:44:51] - [logging.py] - INFO: 等待元素('xpath', "//input[@id='password']")可见
[2022/07/19 20:44:51] - [logging.py] - INFO: 定位元素('xpath', "//input[@id='password']")成功
[2022/07/19 20:44:52] - [logging.py] - INFO: 浏览器放大至全屏
[2022/07/19 20:44:52] - [logging.py] - INFO: 等待元素('xpath', "//button[@type='submit']")可见
[2022/07/19 20:44:52] - [logging.py] - INFO: 定位元素('xpath', "//button[@type='submit']")成功
[2022/07/19 20:44:52] - [logging.py] - INFO: 找到元素('xpath', "//button[@type='submit']")进行点击
[2022/07/19 20:45:00] - [logging.py] - INFO: 等待元素('xpath', "//*[text()='我知道了']")可见
[2022/07/19 20:45:00] - [logging.py] - INFO: 定位元素('xpath', "//*[text()='我知道了']")成功
[2022/07/19 20:45:00] - [logging.py] - INFO: 找到元素('xpath', "//*[text()='我知道了']")进行点击
[2022/07/19 20:45:00] - [logging.py] - INFO: 等待元素('xpath', '/html/body/div[1]/div/div[1]/div[3]/div[2]/div[2]')可见
[2022/07/19 20:45:00] - [logging.py] - INFO: 定位元素('xpath', '/html/body/div[1]/div/div[1]/div[3]/div[2]/div[2]')成功
[2022/07/19 20:45:01] - [logging.py] - INFO: 找到元素('xpath', '/html/body/div[1]/div/div[1]/div[3]/div[2]/div[2]')进行点击
[2022/07/19 20:45:01] - [logging.py] - INFO: 等待元素('link text', '发布制度')可见
[2022/07/19 20:45:01] - [logging.py] - INFO: 定位元素('link text', '发布制度')成功
[2022/07/19 20:45:01] - [logging.py] - INFO: 找到元素('link text', '发布制度')进行点击
[2022/07/19 20:45:04] - [logging.py] - INFO: 在元素('xpath', "//*[@id='baseInfo.NO_NAME_FIELD_$0.NO_NAME_FIELD_$1.title']/span/input")中输入内容：自动化2022-07-19 20:43:58
[2022/07/19 20:45:04] - [logging.py] - INFO: 等待元素('xpath', "//*[@id='baseInfo.NO_NAME_FIELD_$0.NO_NAME_FIELD_$1.title']/span/input")可见
[2022/07/19 20:45:04] - [logging.py] - INFO: 定位元素('xpath', "//*[@id='baseInfo.NO_NAME_FIELD_$0.NO_NAME_FIELD_$1.title']/span/input")成功
[2022/07/19 20:45:04] - [logging.py] - INFO: 在元素('xpath', "//*[@id='baseInfo.NO_NAME_FIELD_$0.NO_NAME_FIELD_$1.code']/span/input")中输入内容：002022-07-19 20:43:58
[2022/07/19 20:45:04] - [logging.py] - INFO: 等待元素('xpath', "//*[@id='baseInfo.NO_NAME_FIELD_$0.NO_NAME_FIELD_$1.code']/span/input")可见
[2022/07/19 20:45:04] - [logging.py] - INFO: 定位元素('xpath', "//*[@id='baseInfo.NO_NAME_FIELD_$0.NO_NAME_FIELD_$1.code']/span/input")成功
[2022/07/19 20:45:04] - [logging.py] - INFO: 在元素('xpath', "//*[@id='baseInfo.NO_NAME_FIELD_$0.NO_NAME_FIELD_$1.belongToBu']/span/span[1]/span[1]/span/input")中输入内容：阿x巴x
[2022/07/19 20:45:04] - [logging.py] - INFO: 等待元素('xpath', "//*[@id='baseInfo.NO_NAME_FIELD_$0.NO_NAME_FIELD_$1.belongToBu']/span/span[1]/span[1]/span/input")可见
[2022/07/19 20:45:04] - [logging.py] - INFO: 定位元素('xpath', "//*[@id='baseInfo.NO_NAME_FIELD_$0.NO_NAME_FIELD_$1.belongToBu']/span/span[1]/span[1]/span/input")成功
[2022/07/19 20:45:07] - [logging.py] - INFO: 等待元素('xpath', '/html/body/div[5]/div/ul/li/div/span')可见
[2022/07/19 20:45:07] - [logging.py] - INFO: 定位元素('xpath', '/html/body/div[5]/div/ul/li/div/span')成功
[2022/07/19 20:45:07] - [logging.py] - INFO: 找到元素('xpath', '/html/body/div[5]/div/ul/li/div/span')进行点击
[2022/07/19 20:45:07] - [logging.py] - INFO: 在元素('xpath', "//*[@id='baseInfo.NO_NAME_FIELD_$0.NO_NAME_FIELD_$1.scopePartitionList']/span/span[1]/span[1]/span/input")中输入内容：虚拟组织
[2022/07/19 20:45:07] - [logging.py] - INFO: 等待元素('xpath', "//*[@id='baseInfo.NO_NAME_FIELD_$0.NO_NAME_FIELD_$1.scopePartitionList']/span/span[1]/span[1]/span/input")可见
[2022/07/19 20:45:07] - [logging.py] - INFO: 定位元素('xpath', "//*[@id='baseInfo.NO_NAME_FIELD_$0.NO_NAME_FIELD_$1.scopePartitionList']/span/span[1]/span[1]/span/input")成功
[2022/07/19 20:45:11] - [logging.py] - INFO: 等待元素('xpath', '/html/body/div[6]/div/ul/li/div/span')可见
[2022/07/19 20:45:11] - [logging.py] - INFO: 定位元素('xpath', '/html/body/div[6]/div/ul/li/div/span')成功
[2022/07/19 20:45:11] - [logging.py] - INFO: 找到元素('xpath', '/html/body/div[6]/div/ul/li/div/span')进行点击
[2022/07/19 20:45:11] - [logging.py] - INFO: 在元素('xpath', "//*[@id='baseInfo.NO_NAME_FIELD_$0.NO_NAME_FIELD_$1.coreUserGroup']/span/span[1]/span[1]/span/input")中输入内容：阿
[2022/07/19 20:45:11] - [logging.py] - INFO: 等待元素('xpath', "//*[@id='baseInfo.NO_NAME_FIELD_$0.NO_NAME_FIELD_$1.coreUserGroup']/span/span[1]/span[1]/span/input")可见
[2022/07/19 20:45:11] - [logging.py] - INFO: 定位元素('xpath', "//*[@id='baseInfo.NO_NAME_FIELD_$0.NO_NAME_FIELD_$1.coreUserGroup']/span/span[1]/span[1]/span/input")成功
[2022/07/19 20:45:14] - [logging.py] - INFO: 等待元素('xpath', "//span[text()='阿x集x(Corp)']")可见
[2022/07/19 20:45:14] - [logging.py] - INFO: 定位元素('xpath', "//span[text()='阿x集x(Corp)']")成功
[2022/07/19 20:45:14] - [logging.py] - INFO: 找到元素('xpath', "//span[text()='阿x集x(Corp)']")进行点击
[2022/07/19 20:45:14] - [logging.py] - INFO: 等待元素('xpath', "//*[@id='baseInfo.NO_NAME_FIELD_$0.NO_NAME_FIELD_$1.categorySecondId']/span/span[1]/span[2]/span/i")可见
[2022/07/19 20:45:14] - [logging.py] - INFO: 定位元素('xpath', "//*[@id='baseInfo.NO_NAME_FIELD_$0.NO_NAME_FIELD_$1.categorySecondId']/span/span[1]/span[2]/span/i")成功
[2022/07/19 20:45:15] - [logging.py] - INFO: 找到元素('xpath', "//*[@id='baseInfo.NO_NAME_FIELD_$0.NO_NAME_FIELD_$1.categorySecondId']/span/span[1]/span[2]/span/i")进行点击
[2022/07/19 20:45:18] - [logging.py] - INFO: 等待元素('xpath', "//*[@id='153']/div/div/div")可见
[2022/07/19 20:45:18] - [logging.py] - INFO: 定位元素('xpath', "//*[@id='153']/div/div/div")成功
[2022/07/19 20:45:18] - [logging.py] - INFO: 找到元素('xpath', "//*[@id='153']/div/div/div")进行点击
[2022/07/19 20:45:18] - [logging.py] - INFO: 等待元素('xpath', "//*[@id='baseInfo.NO_NAME_FIELD_$0.NO_NAME_FIELD_$1.levelSecond']/span/span[1]/span[2]/span[1]/i")可见
[2022/07/19 20:45:18] - [logging.py] - INFO: 定位元素('xpath', "//*[@id='baseInfo.NO_NAME_FIELD_$0.NO_NAME_FIELD_$1.levelSecond']/span/span[1]/span[2]/span[1]/i")成功
[2022/07/19 20:45:18] - [logging.py] - INFO: 找到元素('xpath', "//*[@id='baseInfo.NO_NAME_FIELD_$0.NO_NAME_FIELD_$1.levelSecond']/span/span[1]/span[2]/span[1]/i")进行点击
[2022/07/19 20:45:18] - [logging.py] - INFO: 等待元素('xpath', "//span[text()='管理制度']")可见
[2022/07/19 20:45:18] - [logging.py] - INFO: 定位元素('xpath', "//span[text()='管理制度']")成功
[2022/07/19 20:45:18] - [logging.py] - INFO: 找到元素('xpath', "//span[text()='管理制度']")进行点击
[2022/07/19 20:45:18] - [logging.py] - INFO: 在元素('xpath', "//*[@id='baseInfo.NO_NAME_FIELD_$0.NO_NAME_FIELD_$1.ownerUserId']/span/span[1]/span[1]/span/input")中输入内容：WB01378776
[2022/07/19 20:45:18] - [logging.py] - INFO: 等待元素('xpath', "//*[@id='baseInfo.NO_NAME_FIELD_$0.NO_NAME_FIELD_$1.ownerUserId']/span/span[1]/span[1]/span/input")可见
[2022/07/19 20:45:18] - [logging.py] - INFO: 定位元素('xpath', "//*[@id='baseInfo.NO_NAME_FIELD_$0.NO_NAME_FIELD_$1.ownerUserId']/span/span[1]/span[1]/span/input")成功
[2022/07/19 20:45:22] - [logging.py] - INFO: 等待元素('xpath', '/html/body/div[8]/div/ul/li/div/span/div')可见
[2022/07/19 20:45:22] - [logging.py] - INFO: 定位元素('xpath', '/html/body/div[8]/div/ul/li/div/span/div')成功
[2022/07/19 20:45:22] - [logging.py] - INFO: 找到元素('xpath', '/html/body/div[8]/div/ul/li/div/span/div')进行点击
[2022/07/19 20:45:22] - [logging.py] - INFO: 等待元素('xpath', "//input[@placeholder='请选择日期']")可见
[2022/07/19 20:45:22] - [logging.py] - INFO: 定位元素('xpath', "//input[@placeholder='请选择日期']")成功
[2022/07/19 20:45:22] - [logging.py] - INFO: 找到元素('xpath', "//input[@placeholder='请选择日期']")进行点击
[2022/07/19 20:45:22] - [logging.py] - INFO: 在元素('xpath', '/html/body/div[9]/div/div[1]/span/input')中输入内容：2022-07-19
[2022/07/19 20:45:22] - [logging.py] - INFO: 等待元素('xpath', '/html/body/div[9]/div/div[1]/span/input')可见
[2022/07/19 20:45:22] - [logging.py] - INFO: 定位元素('xpath', '/html/body/div[9]/div/div[1]/span/input')成功
[2022/07/19 20:45:26] - [logging.py] - INFO: 等待元素('xpath', "//*[@id='baseInfo.NO_NAME_FIELD_$0.NO_NAME_FIELD_$1.hasInterestRelation']/div[2]/label[1]")可见
[2022/07/19 20:45:26] - [logging.py] - INFO: 定位元素('xpath', "//*[@id='baseInfo.NO_NAME_FIELD_$0.NO_NAME_FIELD_$1.hasInterestRelation']/div[2]/label[1]")成功
[2022/07/19 20:45:26] - [logging.py] - INFO: 找到元素('xpath', "//*[@id='baseInfo.NO_NAME_FIELD_$0.NO_NAME_FIELD_$1.hasInterestRelation']/div[2]/label[1]")进行点击
[2022/07/19 20:45:26] - [logging.py] - INFO: 等待元素('xpath', "//*[@id='baseInfo.NO_NAME_FIELD_$0.NO_NAME_FIELD_$1.isWbVisible']/div[2]/label[1]")可见
[2022/07/19 20:45:26] - [logging.py] - INFO: 定位元素('xpath', "//*[@id='baseInfo.NO_NAME_FIELD_$0.NO_NAME_FIELD_$1.isWbVisible']/div[2]/label[1]")成功
[2022/07/19 20:45:26] - [logging.py] - INFO: 找到元素('xpath', "//*[@id='baseInfo.NO_NAME_FIELD_$0.NO_NAME_FIELD_$1.isWbVisible']/div[2]/label[1]")进行点击
[2022/07/19 20:45:26] - [logging.py] - INFO: 等待元素('xpath', "//*[@id='baseInfo.NO_NAME_FIELD_$0.NO_NAME_FIELD_$1.isDownload']/div[2]/label[2]")可见
[2022/07/19 20:45:26] - [logging.py] - INFO: 定位元素('xpath', "//*[@id='baseInfo.NO_NAME_FIELD_$0.NO_NAME_FIELD_$1.isDownload']/div[2]/label[2]")成功
[2022/07/19 20:45:26] - [logging.py] - INFO: 找到元素('xpath', "//*[@id='baseInfo.NO_NAME_FIELD_$0.NO_NAME_FIELD_$1.isDownload']/div[2]/label[2]")进行点击
[2022/07/19 20:45:26] - [logging.py] - ERROR: 等待元素('xpath', '//*[@id=‘baseInfo.NO_NAME_FIELD_$0.NO_NAME_FIELD_$1.isInvolvedCompliance’]/div[2]/label[1]')可见失败
[2022/07/19 20:45:26] - [logging.py] - ERROR: 查找不到('xpath', '//*[@id=‘baseInfo.NO_NAME_FIELD_$0.NO_NAME_FIELD_$1.isInvolvedCompliance’]/div[2]/label[1]')，无法点击
[2022/07/19 20:49:59] - [logging.py] - INFO: 在元素('xpath', "//input[@id='account']")中输入内容：dcy01378776
[2022/07/19 20:49:59] - [logging.py] - INFO: 等待元素('xpath', "//input[@id='account']")可见
[2022/07/19 20:49:59] - [logging.py] - INFO: 定位元素('xpath', "//input[@id='account']")成功
[2022/07/19 20:49:59] - [logging.py] - INFO: 在元素('xpath', "//input[@id='password']")中输入内容：op94857op
[2022/07/19 20:49:59] - [logging.py] - INFO: 等待元素('xpath', "//input[@id='password']")可见
[2022/07/19 20:49:59] - [logging.py] - INFO: 定位元素('xpath', "//input[@id='password']")成功
[2022/07/19 20:49:59] - [logging.py] - INFO: 浏览器放大至全屏
[2022/07/19 20:49:59] - [logging.py] - INFO: 等待元素('xpath', "//button[@type='submit']")可见
[2022/07/19 20:49:59] - [logging.py] - INFO: 定位元素('xpath', "//button[@type='submit']")成功
[2022/07/19 20:49:59] - [logging.py] - INFO: 找到元素('xpath', "//button[@type='submit']")进行点击
[2022/07/19 20:50:07] - [logging.py] - INFO: 等待元素('xpath', "//*[text()='我知道了']")可见
[2022/07/19 20:50:07] - [logging.py] - INFO: 定位元素('xpath', "//*[text()='我知道了']")成功
[2022/07/19 20:50:07] - [logging.py] - INFO: 找到元素('xpath', "//*[text()='我知道了']")进行点击
[2022/07/19 20:50:07] - [logging.py] - INFO: 等待元素('xpath', '/html/body/div[1]/div/div[1]/div[3]/div[2]/div[2]')可见
[2022/07/19 20:50:07] - [logging.py] - INFO: 定位元素('xpath', '/html/body/div[1]/div/div[1]/div[3]/div[2]/div[2]')成功
[2022/07/19 20:50:08] - [logging.py] - INFO: 找到元素('xpath', '/html/body/div[1]/div/div[1]/div[3]/div[2]/div[2]')进行点击
[2022/07/19 20:50:08] - [logging.py] - INFO: 等待元素('link text', '发布制度')可见
[2022/07/19 20:50:08] - [logging.py] - INFO: 定位元素('link text', '发布制度')成功
[2022/07/19 20:50:08] - [logging.py] - INFO: 找到元素('link text', '发布制度')进行点击
[2022/07/19 20:50:11] - [logging.py] - INFO: 在元素('xpath', "//*[@id='baseInfo.NO_NAME_FIELD_$0.NO_NAME_FIELD_$1.title']/span/input")中输入内容：自动化2022-07-19 20:49:50
[2022/07/19 20:50:11] - [logging.py] - INFO: 等待元素('xpath', "//*[@id='baseInfo.NO_NAME_FIELD_$0.NO_NAME_FIELD_$1.title']/span/input")可见
[2022/07/19 20:50:11] - [logging.py] - INFO: 定位元素('xpath', "//*[@id='baseInfo.NO_NAME_FIELD_$0.NO_NAME_FIELD_$1.title']/span/input")成功
[2022/07/19 20:50:11] - [logging.py] - INFO: 在元素('xpath', "//*[@id='baseInfo.NO_NAME_FIELD_$0.NO_NAME_FIELD_$1.code']/span/input")中输入内容：002022-07-19 20:49:50
[2022/07/19 20:50:11] - [logging.py] - INFO: 等待元素('xpath', "//*[@id='baseInfo.NO_NAME_FIELD_$0.NO_NAME_FIELD_$1.code']/span/input")可见
[2022/07/19 20:50:11] - [logging.py] - INFO: 定位元素('xpath', "//*[@id='baseInfo.NO_NAME_FIELD_$0.NO_NAME_FIELD_$1.code']/span/input")成功
[2022/07/19 20:50:11] - [logging.py] - INFO: 在元素('xpath', "//*[@id='baseInfo.NO_NAME_FIELD_$0.NO_NAME_FIELD_$1.belongToBu']/span/span[1]/span[1]/span/input")中输入内容：阿x巴x
[2022/07/19 20:50:11] - [logging.py] - INFO: 等待元素('xpath', "//*[@id='baseInfo.NO_NAME_FIELD_$0.NO_NAME_FIELD_$1.belongToBu']/span/span[1]/span[1]/span/input")可见
[2022/07/19 20:50:11] - [logging.py] - INFO: 定位元素('xpath', "//*[@id='baseInfo.NO_NAME_FIELD_$0.NO_NAME_FIELD_$1.belongToBu']/span/span[1]/span[1]/span/input")成功
[2022/07/19 20:50:15] - [logging.py] - INFO: 等待元素('xpath', '/html/body/div[5]/div/ul/li/div/span')可见
[2022/07/19 20:50:15] - [logging.py] - INFO: 定位元素('xpath', '/html/body/div[5]/div/ul/li/div/span')成功
[2022/07/19 20:50:15] - [logging.py] - INFO: 找到元素('xpath', '/html/body/div[5]/div/ul/li/div/span')进行点击
[2022/07/19 20:50:15] - [logging.py] - INFO: 在元素('xpath', "//*[@id='baseInfo.NO_NAME_FIELD_$0.NO_NAME_FIELD_$1.scopePartitionList']/span/span[1]/span[1]/span/input")中输入内容：虚拟组织
[2022/07/19 20:50:15] - [logging.py] - INFO: 等待元素('xpath', "//*[@id='baseInfo.NO_NAME_FIELD_$0.NO_NAME_FIELD_$1.scopePartitionList']/span/span[1]/span[1]/span/input")可见
[2022/07/19 20:50:15] - [logging.py] - INFO: 定位元素('xpath', "//*[@id='baseInfo.NO_NAME_FIELD_$0.NO_NAME_FIELD_$1.scopePartitionList']/span/span[1]/span[1]/span/input")成功
[2022/07/19 20:50:18] - [logging.py] - INFO: 等待元素('xpath', '/html/body/div[6]/div/ul/li/div/span')可见
[2022/07/19 20:50:18] - [logging.py] - INFO: 定位元素('xpath', '/html/body/div[6]/div/ul/li/div/span')成功
[2022/07/19 20:50:18] - [logging.py] - INFO: 找到元素('xpath', '/html/body/div[6]/div/ul/li/div/span')进行点击
[2022/07/19 20:50:18] - [logging.py] - INFO: 在元素('xpath', "//*[@id='baseInfo.NO_NAME_FIELD_$0.NO_NAME_FIELD_$1.coreUserGroup']/span/span[1]/span[1]/span/input")中输入内容：阿
[2022/07/19 20:50:18] - [logging.py] - INFO: 等待元素('xpath', "//*[@id='baseInfo.NO_NAME_FIELD_$0.NO_NAME_FIELD_$1.coreUserGroup']/span/span[1]/span[1]/span/input")可见
[2022/07/19 20:50:18] - [logging.py] - INFO: 定位元素('xpath', "//*[@id='baseInfo.NO_NAME_FIELD_$0.NO_NAME_FIELD_$1.coreUserGroup']/span/span[1]/span[1]/span/input")成功
[2022/07/19 20:50:21] - [logging.py] - INFO: 等待元素('xpath', "//span[text()='阿x集x(Corp)']")可见
[2022/07/19 20:50:21] - [logging.py] - INFO: 定位元素('xpath', "//span[text()='阿x集x(Corp)']")成功
[2022/07/19 20:50:21] - [logging.py] - INFO: 找到元素('xpath', "//span[text()='阿x集x(Corp)']")进行点击
[2022/07/19 20:50:21] - [logging.py] - INFO: 等待元素('xpath', "//*[@id='baseInfo.NO_NAME_FIELD_$0.NO_NAME_FIELD_$1.categorySecondId']/span/span[1]/span[2]/span/i")可见
[2022/07/19 20:50:21] - [logging.py] - INFO: 定位元素('xpath', "//*[@id='baseInfo.NO_NAME_FIELD_$0.NO_NAME_FIELD_$1.categorySecondId']/span/span[1]/span[2]/span/i")成功
[2022/07/19 20:50:21] - [logging.py] - INFO: 找到元素('xpath', "//*[@id='baseInfo.NO_NAME_FIELD_$0.NO_NAME_FIELD_$1.categorySecondId']/span/span[1]/span[2]/span/i")进行点击
[2022/07/19 20:50:24] - [logging.py] - INFO: 等待元素('xpath', "//*[@id='153']/div/div/div")可见
[2022/07/19 20:50:24] - [logging.py] - INFO: 定位元素('xpath', "//*[@id='153']/div/div/div")成功
[2022/07/19 20:50:24] - [logging.py] - INFO: 找到元素('xpath', "//*[@id='153']/div/div/div")进行点击
[2022/07/19 20:50:24] - [logging.py] - INFO: 等待元素('xpath', "//*[@id='baseInfo.NO_NAME_FIELD_$0.NO_NAME_FIELD_$1.levelSecond']/span/span[1]/span[2]/span[1]/i")可见
[2022/07/19 20:50:24] - [logging.py] - INFO: 定位元素('xpath', "//*[@id='baseInfo.NO_NAME_FIELD_$0.NO_NAME_FIELD_$1.levelSecond']/span/span[1]/span[2]/span[1]/i")成功
[2022/07/19 20:50:25] - [logging.py] - INFO: 找到元素('xpath', "//*[@id='baseInfo.NO_NAME_FIELD_$0.NO_NAME_FIELD_$1.levelSecond']/span/span[1]/span[2]/span[1]/i")进行点击
[2022/07/19 20:50:25] - [logging.py] - INFO: 等待元素('xpath', "//span[text()='管理制度']")可见
[2022/07/19 20:50:25] - [logging.py] - INFO: 定位元素('xpath', "//span[text()='管理制度']")成功
[2022/07/19 20:50:25] - [logging.py] - INFO: 找到元素('xpath', "//span[text()='管理制度']")进行点击
[2022/07/19 20:50:25] - [logging.py] - INFO: 在元素('xpath', "//*[@id='baseInfo.NO_NAME_FIELD_$0.NO_NAME_FIELD_$1.ownerUserId']/span/span[1]/span[1]/span/input")中输入内容：WB01378776
[2022/07/19 20:50:25] - [logging.py] - INFO: 等待元素('xpath', "//*[@id='baseInfo.NO_NAME_FIELD_$0.NO_NAME_FIELD_$1.ownerUserId']/span/span[1]/span[1]/span/input")可见
[2022/07/19 20:50:25] - [logging.py] - INFO: 定位元素('xpath', "//*[@id='baseInfo.NO_NAME_FIELD_$0.NO_NAME_FIELD_$1.ownerUserId']/span/span[1]/span[1]/span/input")成功
[2022/07/19 20:50:29] - [logging.py] - INFO: 等待元素('xpath', '/html/body/div[8]/div/ul/li/div/span/div')可见
[2022/07/19 20:50:29] - [logging.py] - INFO: 定位元素('xpath', '/html/body/div[8]/div/ul/li/div/span/div')成功
[2022/07/19 20:50:29] - [logging.py] - INFO: 找到元素('xpath', '/html/body/div[8]/div/ul/li/div/span/div')进行点击
[2022/07/19 20:50:29] - [logging.py] - INFO: 等待元素('xpath', "//input[@placeholder='请选择日期']")可见
[2022/07/19 20:50:29] - [logging.py] - INFO: 定位元素('xpath', "//input[@placeholder='请选择日期']")成功
[2022/07/19 20:50:29] - [logging.py] - INFO: 找到元素('xpath', "//input[@placeholder='请选择日期']")进行点击
[2022/07/19 20:50:29] - [logging.py] - INFO: 在元素('xpath', '/html/body/div[9]/div/div[1]/span/input')中输入内容：2022-07-19
[2022/07/19 20:50:29] - [logging.py] - INFO: 等待元素('xpath', '/html/body/div[9]/div/div[1]/span/input')可见
[2022/07/19 20:50:29] - [logging.py] - INFO: 定位元素('xpath', '/html/body/div[9]/div/div[1]/span/input')成功
[2022/07/19 20:50:32] - [logging.py] - INFO: 等待元素('xpath', "//*[@id='baseInfo.NO_NAME_FIELD_$0.NO_NAME_FIELD_$1.hasInterestRelation']/div[2]/label[1]")可见
[2022/07/19 20:50:32] - [logging.py] - INFO: 定位元素('xpath', "//*[@id='baseInfo.NO_NAME_FIELD_$0.NO_NAME_FIELD_$1.hasInterestRelation']/div[2]/label[1]")成功
[2022/07/19 20:50:32] - [logging.py] - INFO: 找到元素('xpath', "//*[@id='baseInfo.NO_NAME_FIELD_$0.NO_NAME_FIELD_$1.hasInterestRelation']/div[2]/label[1]")进行点击
[2022/07/19 20:50:32] - [logging.py] - INFO: 等待元素('xpath', "//*[@id='baseInfo.NO_NAME_FIELD_$0.NO_NAME_FIELD_$1.isWbVisible']/div[2]/label[1]")可见
[2022/07/19 20:50:32] - [logging.py] - INFO: 定位元素('xpath', "//*[@id='baseInfo.NO_NAME_FIELD_$0.NO_NAME_FIELD_$1.isWbVisible']/div[2]/label[1]")成功
[2022/07/19 20:50:33] - [logging.py] - INFO: 找到元素('xpath', "//*[@id='baseInfo.NO_NAME_FIELD_$0.NO_NAME_FIELD_$1.isWbVisible']/div[2]/label[1]")进行点击
[2022/07/19 20:50:33] - [logging.py] - INFO: 等待元素('xpath', "//*[@id='baseInfo.NO_NAME_FIELD_$0.NO_NAME_FIELD_$1.isDownload']/div[2]/label[2]")可见
[2022/07/19 20:50:33] - [logging.py] - INFO: 定位元素('xpath', "//*[@id='baseInfo.NO_NAME_FIELD_$0.NO_NAME_FIELD_$1.isDownload']/div[2]/label[2]")成功
[2022/07/19 20:50:33] - [logging.py] - INFO: 找到元素('xpath', "//*[@id='baseInfo.NO_NAME_FIELD_$0.NO_NAME_FIELD_$1.isDownload']/div[2]/label[2]")进行点击
[2022/07/19 20:50:33] - [logging.py] - ERROR: 等待元素('xpath', '//*[@id=‘baseInfo.NO_NAME_FIELD_$0.NO_NAME_FIELD_$1.isInvolvedCompliance’]/div[2]/label[1]/span[1]')可见失败
[2022/07/19 20:50:33] - [logging.py] - ERROR: 查找不到('xpath', '//*[@id=‘baseInfo.NO_NAME_FIELD_$0.NO_NAME_FIELD_$1.isInvolvedCompliance’]/div[2]/label[1]/span[1]')，无法点击
[2022/07/19 20:50:43] - [logging.py] - INFO: 在元素('xpath', "//input[@id='account']")中输入内容：dcy01378776
