[2022/07/15 18:43:42] - [logging.py] - INFO: 在元素('xpath', "//input[@id='account']")中输入内容：dcy01378776
[2022/07/15 18:43:42] - [logging.py] - INFO: 等待元素('xpath', "//input[@id='account']")可见
[2022/07/15 18:43:42] - [logging.py] - INFO: 定位元素('xpath', "//input[@id='account']")成功
[2022/07/15 18:43:42] - [logging.py] - INFO: 在元素('xpath', "//input[@id='password']")中输入内容：op94857op
[2022/07/15 18:43:42] - [logging.py] - INFO: 等待元素('xpath', "//input[@id='password']")可见
[2022/07/15 18:43:42] - [logging.py] - INFO: 定位元素('xpath', "//input[@id='password']")成功
[2022/07/15 18:43:43] - [logging.py] - INFO: 浏览器放大至全屏
[2022/07/15 18:43:43] - [logging.py] - INFO: 等待元素('xpath', "//button[@type='submit']")可见
[2022/07/15 18:43:43] - [logging.py] - INFO: 定位元素('xpath', "//button[@type='submit']")成功
[2022/07/15 18:43:43] - [logging.py] - INFO: 找到元素('xpath', "//button[@type='submit']")进行点击
[2022/07/15 18:43:55] - [logging.py] - ERROR: 等待元素('xpath', "//*[text()='我知道了']")可见失败
[2022/07/15 18:43:59] - [logging.py] - ERROR: 查找不到('xpath', "//*[text()='我知道了']")，无法点击
[2022/07/15 18:44:19] - [logging.py] - INFO: 在元素('xpath', "//input[@id='account']")中输入内容：dcy01378776
[2022/07/15 18:44:19] - [logging.py] - INFO: 等待元素('xpath', "//input[@id='account']")可见
[2022/07/15 18:44:19] - [logging.py] - INFO: 定位元素('xpath', "//input[@id='account']")成功
[2022/07/15 18:44:19] - [logging.py] - INFO: 在元素('xpath', "//input[@id='password']")中输入内容：op94857op
[2022/07/15 18:44:19] - [logging.py] - INFO: 等待元素('xpath', "//input[@id='password']")可见
[2022/07/15 18:44:19] - [logging.py] - INFO: 定位元素('xpath', "//input[@id='password']")成功
[2022/07/15 18:44:19] - [logging.py] - INFO: 浏览器放大至全屏
[2022/07/15 18:44:20] - [logging.py] - INFO: 等待元素('xpath', "//button[@type='submit']")可见
[2022/07/15 18:44:20] - [logging.py] - INFO: 定位元素('xpath', "//button[@type='submit']")成功
[2022/07/15 18:44:20] - [logging.py] - INFO: 找到元素('xpath', "//button[@type='submit']")进行点击
[2022/07/15 18:44:38] - [logging.py] - ERROR: 等待元素('xpath', "//*[text()='我知道了']")可见失败
[2022/07/15 18:44:38] - [logging.py] - ERROR: 查找不到('xpath', "//*[text()='我知道了']")，无法点击
[2022/07/15 18:44:48] - [logging.py] - INFO: 在元素('xpath', "//input[@id='account']")中输入内容：dcy01378776
[2022/07/15 18:44:48] - [logging.py] - INFO: 等待元素('xpath', "//input[@id='account']")可见
[2022/07/15 18:44:48] - [logging.py] - INFO: 定位元素('xpath', "//input[@id='account']")成功
[2022/07/15 18:44:48] - [logging.py] - INFO: 在元素('xpath', "//input[@id='password']")中输入内容：op94857op
[2022/07/15 18:44:48] - [logging.py] - INFO: 等待元素('xpath', "//input[@id='password']")可见
[2022/07/15 18:44:48] - [logging.py] - INFO: 定位元素('xpath', "//input[@id='password']")成功
[2022/07/15 18:44:48] - [logging.py] - INFO: 浏览器放大至全屏
[2022/07/15 18:44:49] - [logging.py] - INFO: 等待元素('xpath', "//button[@type='submit']")可见
[2022/07/15 18:44:49] - [logging.py] - INFO: 定位元素('xpath', "//button[@type='submit']")成功
[2022/07/15 18:44:49] - [logging.py] - INFO: 找到元素('xpath', "//button[@type='submit']")进行点击
[2022/07/15 18:44:57] - [logging.py] - INFO: 等待元素('xpath', "//*[text()='我知道了']")可见
[2022/07/15 18:44:57] - [logging.py] - INFO: 定位元素('xpath', "//*[text()='我知道了']")成功
[2022/07/15 18:44:57] - [logging.py] - INFO: 找到元素('xpath', "//*[text()='我知道了']")进行点击
[2022/07/15 18:44:57] - [logging.py] - INFO: 等待元素('xpath', '/html/body/div[1]/div/div[1]/div[3]/div[2]/div[2]')可见
[2022/07/15 18:44:57] - [logging.py] - INFO: 定位元素('xpath', '/html/body/div[1]/div/div[1]/div[3]/div[2]/div[2]')成功
[2022/07/15 18:44:57] - [logging.py] - INFO: 找到元素('xpath', '/html/body/div[1]/div/div[1]/div[3]/div[2]/div[2]')进行点击
[2022/07/15 18:44:57] - [logging.py] - INFO: 等待元素('link text', '发布制度')可见
[2022/07/15 18:44:57] - [logging.py] - INFO: 定位元素('link text', '发布制度')成功
[2022/07/15 18:44:57] - [logging.py] - INFO: 找到元素('link text', '发布制度')进行点击
[2022/07/15 18:45:00] - [logging.py] - INFO: 在元素('xpath', "//*[@id='baseInfo.NO_NAME_FIELD_$0.NO_NAME_FIELD_$1.title']/span/input")中输入内容：自动化2022-07-15 18:43:34
[2022/07/15 18:45:00] - [logging.py] - INFO: 等待元素('xpath', "//*[@id='baseInfo.NO_NAME_FIELD_$0.NO_NAME_FIELD_$1.title']/span/input")可见
[2022/07/15 18:45:00] - [logging.py] - INFO: 定位元素('xpath', "//*[@id='baseInfo.NO_NAME_FIELD_$0.NO_NAME_FIELD_$1.title']/span/input")成功
[2022/07/15 18:45:01] - [logging.py] - INFO: 在元素('xpath', "//*[@id='baseInfo.NO_NAME_FIELD_$0.NO_NAME_FIELD_$1.code']/span/input")中输入内容：002022-07-15 18:43:34
[2022/07/15 18:45:01] - [logging.py] - INFO: 等待元素('xpath', "//*[@id='baseInfo.NO_NAME_FIELD_$0.NO_NAME_FIELD_$1.code']/span/input")可见
[2022/07/15 18:45:01] - [logging.py] - INFO: 定位元素('xpath', "//*[@id='baseInfo.NO_NAME_FIELD_$0.NO_NAME_FIELD_$1.code']/span/input")成功
[2022/07/15 18:45:01] - [logging.py] - INFO: 在元素('xpath', "//*[@id='baseInfo.NO_NAME_FIELD_$0.NO_NAME_FIELD_$1.belongToBu']/span/span[1]/span[1]/span/input")中输入内容：阿x巴x
[2022/07/15 18:45:01] - [logging.py] - INFO: 等待元素('xpath', "//*[@id='baseInfo.NO_NAME_FIELD_$0.NO_NAME_FIELD_$1.belongToBu']/span/span[1]/span[1]/span/input")可见
[2022/07/15 18:45:01] - [logging.py] - INFO: 定位元素('xpath', "//*[@id='baseInfo.NO_NAME_FIELD_$0.NO_NAME_FIELD_$1.belongToBu']/span/span[1]/span[1]/span/input")成功
[2022/07/15 18:45:04] - [logging.py] - INFO: 等待元素('xpath', '/html/body/div[5]/div/ul/li/div/span')可见
[2022/07/15 18:45:04] - [logging.py] - INFO: 定位元素('xpath', '/html/body/div[5]/div/ul/li/div/span')成功
[2022/07/15 18:45:04] - [logging.py] - INFO: 找到元素('xpath', '/html/body/div[5]/div/ul/li/div/span')进行点击
[2022/07/15 18:45:04] - [logging.py] - INFO: 在元素('xpath', "//*[@id='baseInfo.NO_NAME_FIELD_$0.NO_NAME_FIELD_$1.scopePartitionList']/span/span[1]/span[1]/span/input")中输入内容：虚拟组织
[2022/07/15 18:45:04] - [logging.py] - INFO: 等待元素('xpath', "//*[@id='baseInfo.NO_NAME_FIELD_$0.NO_NAME_FIELD_$1.scopePartitionList']/span/span[1]/span[1]/span/input")可见
[2022/07/15 18:45:04] - [logging.py] - INFO: 定位元素('xpath', "//*[@id='baseInfo.NO_NAME_FIELD_$0.NO_NAME_FIELD_$1.scopePartitionList']/span/span[1]/span[1]/span/input")成功
[2022/07/15 18:45:07] - [logging.py] - INFO: 等待元素('xpath', '/html/body/div[6]/div/ul/li/div/span')可见
[2022/07/15 18:45:07] - [logging.py] - INFO: 定位元素('xpath', '/html/body/div[6]/div/ul/li/div/span')成功
[2022/07/15 18:45:07] - [logging.py] - INFO: 找到元素('xpath', '/html/body/div[6]/div/ul/li/div/span')进行点击
[2022/07/15 18:45:07] - [logging.py] - INFO: 在元素('xpath', "//*[@id='baseInfo.NO_NAME_FIELD_$0.NO_NAME_FIELD_$1.coreUserGroup']/span/span[1]/span[1]/span/input")中输入内容：阿里云客服
[2022/07/15 18:45:07] - [logging.py] - INFO: 等待元素('xpath', "//*[@id='baseInfo.NO_NAME_FIELD_$0.NO_NAME_FIELD_$1.coreUserGroup']/span/span[1]/span[1]/span/input")可见
[2022/07/15 18:45:07] - [logging.py] - INFO: 定位元素('xpath', "//*[@id='baseInfo.NO_NAME_FIELD_$0.NO_NAME_FIELD_$1.coreUserGroup']/span/span[1]/span[1]/span/input")成功
[2022/07/15 18:45:21] - [logging.py] - ERROR: 等待元素('xpath', '/html/body/div[7]/div/ul/li/div/span')可见失败
[2022/07/15 18:45:21] - [logging.py] - ERROR: 查找不到('xpath', '/html/body/div[7]/div/ul/li/div/span')，无法点击
